#
# There is insufficient memory for the Java Runtime Environment to continue.
# Native memory allocation (mmap) failed to map 167772160 bytes for Failed to commit area from 0x0000000761600000 to 0x000000076b600000 of length 167772160.
# Possible reasons:
#   The system is out of physical RAM or swap space
#   The process is running with CompressedOops enabled, and the Java Heap may be blocking the growth of the native heap
# Possible solutions:
#   Reduce memory load on the system
#   Increase physical memory or swap space
#   Check if swap backing store is full
#   Decrease Java heap size (-Xmx/-Xms)
#   Decrease number of Java threads
#   Decrease Java thread stack sizes (-Xss)
#   Set larger code cache with -XX:ReservedCodeCacheSize=
# This output file may be truncated or incomplete.
#
#  Out of Memory Error (./src/hotspot/os/windows/os_windows.cpp:3521), pid=13292, tid=7668
#
# JRE version:  (11.0.12+7) (build )
# Java VM: OpenJDK 64-Bit Server VM (11.0.12+7-b1504.28-7817840, mixed mode, sharing, tiered, compressed oops, g1 gc, windows-amd64)
# No core dump will be written. Minidumps are not enabled by default on client versions of Windows
#

---------------  S U M M A R Y ------------

Command Line: org.jetbrains.kotlin.cli.jvm.K2JVMCompiler @C:\Users\sam\Documents\kotlin\Github User Final\GithubUserFinal\app\build\20220820_816413430557680673.compiler.options

Host: Intel(R) Core(TM) i3-4005U CPU @ 1.70GHz, 4 cores, 9G,  Windows 10 , 64 bit Build 19041 (10.0.19041.1889)
Time: Sat Aug 20 08:08:33 2022 SE Asia Standard Time elapsed time: 0.017760 seconds (0d 0h 0m 0s)

---------------  T H R E A D  ---------------

Current thread (0x000001172662b000):  JavaThread "Unknown thread" [_thread_in_vm, id=7668, stack(0x0000000d13f00000,0x0000000d14000000)]

Stack: [0x0000000d13f00000,0x0000000d14000000]
Native frames: (J=compiled Java code, j=interpreted, Vv=VM code, C=native code)
V  [jvm.dll+0x5fbcea]
V  [jvm.dll+0x731905]
V  [jvm.dll+0x732f1d]
V  [jvm.dll+0x7335d3]
V  [jvm.dll+0x247bf8]
V  [jvm.dll+0x5f90b4]
V  [jvm.dll+0x5edc85]
V  [jvm.dll+0x305aeb]
V  [jvm.dll+0x305a5a]
V  [jvm.dll+0x305932]
V  [jvm.dll+0x30a896]
V  [jvm.dll+0x353803]
V  [jvm.dll+0x353f06]
V  [jvm.dll+0x353903]
V  [jvm.dll+0x2e0678]
V  [jvm.dll+0x2e1827]
V  [jvm.dll+0x710037]
V  [jvm.dll+0x71182c]
V  [jvm.dll+0x360da9]
V  [jvm.dll+0x6f390e]
V  [jvm.dll+0x3c9723]
V  [jvm.dll+0x3cb9b1]
C  [jli.dll+0x536b]
C  [ucrtbase.dll+0x21bb2]
C  [KERNEL32.DLL+0x17034]
C  [ntdll.dll+0x52651]


---------------  P R O C E S S  ---------------

Threads class SMR info:
_java_thread_list=0x0000011724d93580, length=0, elements={
}

Java Threads: ( => current thread )

Other Threads:
  0x0000011726642800 GCTaskThread "GC Thread#0" [stack: 0x0000000d14000000,0x0000000d14100000] [id=3192]
  0x000001172667d000 ConcurrentGCThread "G1 Main Marker" [stack: 0x0000000d14100000,0x0000000d14200000] [id=5084]
  0x000001172667e800 ConcurrentGCThread "G1 Conc#0" [stack: 0x0000000d14200000,0x0000000d14300000] [id=7792]

[error occurred during error reporting (printing all threads), id 0xc0000005, EXCEPTION_ACCESS_VIOLATION (0xc0000005) at pc=0x00007fff6e270be7]

VM state:not at safepoint (not fully initialized)

VM Mutex/Monitor currently owned by a thread:  ([mutex/lock_event])
[0x0000011726627240] Heap_lock - owner thread: 0x000001172662b000

Heap address: 0x0000000761600000, size: 2538 MB, Compressed Oops mode: Non-zero based: 0x0000000761600000
Narrow klass base: 0x0000000000000000, Narrow klass shift: 0

GC Heap History (0 events):
No events

Deoptimization events (0 events):
No events

Classes redefined (0 events):
No events

Internal exceptions (0 events):
No events

Events (1 events):
Event: 0.012 Loaded shared library C:\Program Files\Android\Android Studio\jre\bin\zip.dll


Dynamic libraries:
0x00007ff601150000 - 0x00007ff60115a000 	C:\Program Files\Android\Android Studio\jre\bin\java.exe
0x00007fffa8470000 - 0x00007fffa8668000 	C:\WINDOWS\SYSTEM32\ntdll.dll
0x00007fffa64d0000 - 0x00007fffa658d000 	C:\WINDOWS\System32\KERNEL32.DLL
0x00007fffa5e40000 - 0x00007fffa610e000 	C:\WINDOWS\System32\KERNELBASE.dll
0x00007fffa5c00000 - 0x00007fffa5d00000 	C:\WINDOWS\System32\ucrtbase.dll
0x00007fff9ecb0000 - 0x00007fff9ecc7000 	C:\Program Files\Android\Android Studio\jre\bin\VCRUNTIME140.dll
0x00007fff9ecd0000 - 0x00007fff9ece9000 	C:\Program Files\Android\Android Studio\jre\bin\jli.dll
0x00007fffa73d0000 - 0x00007fffa7570000 	C:\WINDOWS\System32\USER32.dll
0x00007fff95430000 - 0x00007fff956ca000 	C:\WINDOWS\WinSxS\amd64_microsoft.windows.common-controls_6595b64144ccf1df_6.0.19041.1110_none_60b5254171f9507e\COMCTL32.dll
0x00007fffa6250000 - 0x00007fffa6272000 	C:\WINDOWS\System32\win32u.dll
0x00007fffa8300000 - 0x00007fffa839e000 	C:\WINDOWS\System32\msvcrt.dll
0x00007fffa78b0000 - 0x00007fffa78da000 	C:\WINDOWS\System32\GDI32.dll
0x00007fffa5d30000 - 0x00007fffa5e3b000 	C:\WINDOWS\System32\gdi32full.dll
0x00007fffa6430000 - 0x00007fffa64cd000 	C:\WINDOWS\System32\msvcp_win.dll
0x00007fffa7630000 - 0x00007fffa7660000 	C:\WINDOWS\System32\IMM32.DLL
0x00007fff6c8c0000 - 0x00007fff6c95d000 	C:\Program Files\Android\Android Studio\jre\bin\msvcp140.dll
0x00007fff6df80000 - 0x00007fff6ea65000 	C:\Program Files\Android\Android Studio\jre\bin\server\jvm.dll
0x00007fffa7580000 - 0x00007fffa762e000 	C:\WINDOWS\System32\ADVAPI32.dll
0x00007fffa7df0000 - 0x00007fffa7e8c000 	C:\WINDOWS\System32\sechost.dll
0x00007fffa7780000 - 0x00007fffa78a5000 	C:\WINDOWS\System32\RPCRT4.dll
0x00007fffa6590000 - 0x00007fffa6598000 	C:\WINDOWS\System32\PSAPI.DLL
0x00007fff97270000 - 0x00007fff97297000 	C:\WINDOWS\SYSTEM32\WINMM.dll
0x00007fff972a0000 - 0x00007fff972aa000 	C:\WINDOWS\SYSTEM32\VERSION.dll
0x00007fff92fb0000 - 0x00007fff92fb9000 	C:\WINDOWS\SYSTEM32\WSOCK32.dll
0x00007fffa7f60000 - 0x00007fffa7fcb000 	C:\WINDOWS\System32\WS2_32.dll
0x00007fffa3a90000 - 0x00007fffa3aa2000 	C:\WINDOWS\SYSTEM32\kernel.appcore.dll
0x00007fff9ffe0000 - 0x00007fff9fff1000 	C:\Program Files\Android\Android Studio\jre\bin\verify.dll
0x00007fff8edc0000 - 0x00007fff8efa4000 	C:\WINDOWS\SYSTEM32\DBGHELP.DLL
0x00007fff8ed90000 - 0x00007fff8edbc000 	C:\WINDOWS\SYSTEM32\dbgcore.DLL
0x00007fffa6110000 - 0x00007fffa6192000 	C:\WINDOWS\System32\bcryptPrimitives.dll
0x00007fff94e20000 - 0x00007fff94e49000 	C:\Program Files\Android\Android Studio\jre\bin\java.dll
0x00007fff9ffd0000 - 0x00007fff9ffdb000 	C:\Program Files\Android\Android Studio\jre\bin\jimage.dll
0x00007fff95180000 - 0x00007fff95198000 	C:\Program Files\Android\Android Studio\jre\bin\zip.dll

dbghelp: loaded successfully - version: 4.0.5 - missing functions: none
symbol engine: initialized successfully - sym options: 0x614 - pdb path: .;C:\Program Files\Android\Android Studio\jre\bin;C:\WINDOWS\SYSTEM32;C:\WINDOWS\WinSxS\amd64_microsoft.windows.common-controls_6595b64144ccf1df_6.0.19041.1110_none_60b5254171f9507e;C:\Program Files\Android\Android Studio\jre\bin\server

VM Arguments:
java_command: org.jetbrains.kotlin.cli.jvm.K2JVMCompiler @C:\Users\sam\Documents\kotlin\Github User Final\GithubUserFinal\app\build\20220820_816413430557680673.compiler.options
java_class_path (initial): C:\Users\sam\.gradle\caches\modules-2\files-2.1\org.jetbrains.kotlin\kotlin-compiler-embeddable\1.7.10\909803167c98606fcf22b4c848647c68e351d48d\kotlin-compiler-embeddable-1.7.10.jar;C:\Users\sam\.gradle\caches\modules-2\files-2.1\org.jetbrains.kotlin\kotlin-reflect\1.7.10\165e600dfea6185cf5efa700756294cc4904dbeb\kotlin-reflect-1.7.10.jar;C:\Users\sam\.gradle\caches\modules-2\files-2.1\org.jetbrains.kotlin\kotlin-stdlib\1.7.10\d2abf9e77736acc4450dc4a3f707fa2c10f5099d\kotlin-stdlib-1.7.10.jar;C:\Users\sam\.gradle\caches\modules-2\files-2.1\org.jetbrains.kotlin\kotlin-script-runtime\1.7.10\c99c87a6988d8fd8d5142e9ed5c9f34a7cf561ee\kotlin-script-runtime-1.7.10.jar;C:\Users\sam\.gradle\caches\modules-2\files-2.1\org.jetbrains.kotlin\kotlin-daemon-embeddable\1.7.10\3a9f7aef7080d3ae63126cbba4f827ed664f32fa\kotlin-daemon-embeddable-1.7.10.jar;C:\Users\sam\.gradle\caches\modules-2\files-2.1\org.jetbrains.intellij.deps\trove4j\1.0.20200330\3afb14d5f9ceb459d724e907a21145e8ff394f02\trove4j-1.0.20200330.jar;C:\Users\sam\.gradle\caches\modules-2\files-2.1\net.java.dev.jna\jna\5.6.0\330f2244e9030119ab3030fc3fededc86713d9cc\jna-5.6.0.jar;C:\Users\sam\.gradle\caches\modules-2\files-2.1\org.jetbrains.kotlin\kotlin-stdlib-common\1.7.10\bac80c520d0a9e3f3673bc2658c6ed02ef45a76a\kotlin-stdlib-common-1.7.10.jar;C:\Users\sam\.gradle\caches\modules-2\files-2.1\org.jetbrains\annotations\13.0\919f0dfe192fb4e063e7dacadee7f8bb9a2672a9\annotations-13.0.jar
Launcher Type: SUN_STANDARD

[Global flags]
     intx CICompilerCount                          = 3                                         {product} {ergonomic}
     uint ConcGCThreads                            = 1                                         {product} {ergonomic}
     uint G1ConcRefinementThreads                  = 4                                         {product} {ergonomic}
   size_t G1HeapRegionSize                         = 1048576                                   {product} {ergonomic}
    uintx GCDrainStackTargetSize                   = 64                                        {product} {ergonomic}
   size_t InitialHeapSize                          = 167772160                                 {product} {ergonomic}
   size_t MarkStackSize                            = 4194304                                   {product} {ergonomic}
   size_t MaxHeapSize                              = 2661285888                                {product} {ergonomic}
   size_t MinHeapDeltaBytes                        = 1048576                                   {product} {ergonomic}
    uintx NonNMethodCodeHeapSize                   = 5830732                                {pd product} {ergonomic}
    uintx NonProfiledCodeHeapSize                  = 122913754                              {pd product} {ergonomic}
    uintx ProfiledCodeHeapSize                     = 122913754                              {pd product} {ergonomic}
    uintx ReservedCodeCacheSize                    = 251658240                              {pd product} {ergonomic}
     bool SegmentedCodeCache                       = true                                      {product} {ergonomic}
     bool UseCompressedClassPointers               = true                                 {lp64_product} {ergonomic}
     bool UseCompressedOops                        = true                                 {lp64_product} {ergonomic}
     bool UseG1GC                                  = true                                      {product} {ergonomic}
     bool UseLargePagesIndividualAllocation        = false                                  {pd product} {ergonomic}

Logging:
Log output configuration:
 #0: stdout all=warning uptime,level,tags
 #1: stderr all=off uptime,level,tags

Environment Variables:
PATH=C:\Program Files (x86)\Common Files\Oracle\Java\javapath;C:\WINDOWS\system32;C:\WINDOWS;C:\WINDOWS\System32\Wbem;C:\WINDOWS\System32\WindowsPowerShell\v1.0\;C:\WINDOWS\System32\OpenSSH\;C:\Program Files\Git\cmd;C:\xampp\php;C:\composer;C:\Users\sam\Documents\flutter\bin;C:\ProgramData\chocolatey\bin;C:\Program Files\gradle-7.3.3\bin;C:\Program Files\nodejs\;C:\Users\sam\AppData\Local\Microsoft\WindowsApps;C:\Users\sam\AppData\Local\Programs\Microsoft VS Code\bin;C:\Users\sam\AppData\Roaming\Composer\vendor\bin;C:\Users\sam\Documents\flutter\bin;C:\Users\sam\Documents\flutter\bin\cache\dart-sdk\bin;C:\Users\sam\Documents\flutter\.pub-cache\bin;;C:\Program Files\JetBrains\IntelliJ IDEA Community Edition 2022.1.1\bin;;C:\Users\sam\AppData\Roaming\npm
USERNAME=sam
OS=Windows_NT
PROCESSOR_IDENTIFIER=Intel64 Family 6 Model 69 Stepping 1, GenuineIntel



---------------  S Y S T E M  ---------------

OS: Windows 10 , 64 bit Build 19041 (10.0.19041.1889)
OS uptime: 1 days 20:22 hours

CPU:total 4 (initial active 4) (2 cores per cpu, 2 threads per core) family 6 model 69 stepping 1 microcode 0x25, cmov, cx8, fxsr, mmx, sse, sse2, sse3, ssse3, sse4.1, sse4.2, popcnt, avx, avx2, aes, clmul, erms, lzcnt, ht, tsc, tscinvbit, bmi1, bmi2, fma

Memory: 4k page, system-wide physical 10148M (1301M free)
TotalPageFile size 14148M (AvailPageFile size 76M)
current process WorkingSet (physical memory assigned to process): 10M, peak: 10M
current process commit charge ("private bytes"): 51M, peak: 211M

vm_info: OpenJDK 64-Bit Server VM (11.0.12+7-b1504.28-7817840) for windows-amd64 JRE (11.0.12+7-b1504.28-7817840), built on Oct 13 2021 22:12:33 by "builder" with MS VC++ 14.0 (VS2015)

END.
