#
# There is insufficient memory for the Java Runtime Environment to continue.
# Native memory allocation (mmap) failed to map 225443840 bytes for Failed to commit area from 0x0000000092400000 to 0x000000009fb00000 of length 225443840.
# Possible reasons:
#   The system is out of physical RAM or swap space
#   The process is running with CompressedOops enabled, and the Java Heap may be blocking the growth of the native heap
# Possible solutions:
#   Reduce memory load on the system
#   Increase physical memory or swap space
#   Check if swap backing store is full
#   Decrease Java heap size (-Xmx/-Xms)
#   Decrease number of Java threads
#   Decrease Java thread stack sizes (-Xss)
#   Set larger code cache with -XX:ReservedCodeCacheSize=
#   JVM is running with Unscaled Compressed Oops mode in which the Java heap is
#     placed in the first 4GB address space. The Java Heap base address is the
#     maximum limit for the native heap growth. Please use -XX:HeapBaseMinAddress
#     to set the Java Heap base and to place the Java Heap above 4GB virtual address.
# This output file may be truncated or incomplete.
#
#  Out of Memory Error (./src/hotspot/os/windows/os_windows.cpp:3521), pid=6216, tid=10852
#
# JRE version: OpenJDK Runtime Environment (11.0.12+7) (build 11.0.12+7-b1504.28-7817840)
# Java VM: OpenJDK 64-Bit Server VM (11.0.12+7-b1504.28-7817840, mixed mode, tiered, compressed oops, g1 gc, windows-amd64)
# No core dump will be written. Minidumps are not enabled by default on client versions of Windows
#

---------------  S U M M A R Y ------------

Command Line: --add-opens=java.base/java.util=ALL-UNNAMED --add-opens=java.base/java.lang=ALL-UNNAMED --add-opens=java.base/java.lang.invoke=ALL-UNNAMED --add-opens=java.base/java.util=ALL-UNNAMED --add-opens=java.prefs/java.util.prefs=ALL-UNNAMED --add-opens=java.prefs/java.util.prefs=ALL-UNNAMED --add-opens=java.base/java.nio.charset=ALL-UNNAMED --add-opens=java.base/java.net=ALL-UNNAMED --add-opens=java.base/java.util.concurrent.atomic=ALL-UNNAMED -Xmx2048m -Dfile.encoding=UTF-8 -Duser.country=US -Duser.language=en -Duser.variant org.gradle.launcher.daemon.bootstrap.GradleDaemon 7.3.3

Host: Intel(R) Core(TM) i3-4005U CPU @ 1.70GHz, 4 cores, 9G,  Windows 10 , 64 bit Build 19041 (10.0.19041.1889)
Time: Sat Aug 20 08:07:03 2022 SE Asia Standard Time elapsed time: 4827.020545 seconds (0d 1h 20m 27s)

---------------  T H R E A D  ---------------

Current thread (0x000001be914f7000):  VMThread "VM Thread" [stack: 0x00000044fbc00000,0x00000044fbd00000] [id=10852]

Stack: [0x00000044fbc00000,0x00000044fbd00000]
[error occurred during error reporting (printing stack bounds), id 0xc0000005, EXCEPTION_ACCESS_VIOLATION (0xc0000005) at pc=0x000001be8000112d]

Native frames: (J=compiled Java code, j=interpreted, Vv=VM code, C=native code)
V  [jvm.dll+0x5fbcea]
V  [jvm.dll+0x731905]
V  [jvm.dll+0x732f1d]
V  [jvm.dll+0x733535]
V  [jvm.dll+0x7334eb]
V  [jvm.dll+0x5fb080]
V  [jvm.dll+0x5fb818]
C  [ntdll.dll+0xa229f]
C  [ntdll.dll+0x51454]
C  [ntdll.dll+0xa0dce]
C  0x000001be8000112d

VM_Operation (0x00000044849fdf90): G1CollectForAllocation, mode: safepoint, requested by thread 0x000001be9e937800


---------------  P R O C E S S  ---------------

Threads class SMR info:
_java_thread_list=0x000001be9b05bc90, length=98, elements={
0x000001bef786c800, 0x000001be914fb000, 0x000001be914fc800, 0x000001be91e75800,
0x000001be91e76800, 0x000001be91e78800, 0x000001be91e82000, 0x000001be91e83000,
0x000001be91524800, 0x000001be91fd7800, 0x000001be93402800, 0x000001be93fae000,
0x000001be92e4d800, 0x000001be94e0b000, 0x000001be94e08800, 0x000001be94e09000,
0x000001be92ad0800, 0x000001be92ad4800, 0x000001be92ad1000, 0x000001be92ad3000,
0x000001be92ad2000, 0x000001be92ad3800, 0x000001be92ad6000, 0x000001be92ad5800,
0x000001be97b06800, 0x000001be97b07800, 0x000001be97b01000, 0x000001be97b00000,
0x000001be97b02800, 0x000001be97b01800, 0x000001be97b03000, 0x000001be97b04000,
0x000001be97afe800, 0x000001be97aff000, 0x000001be97b0a800, 0x000001be97b08000,
0x000001be97b09000, 0x000001be97b0a000, 0x000001be97b05000, 0x000001be97b0b800,
0x000001be97b0c000, 0x000001be97b0d000, 0x000001be92ace800, 0x000001be92acf800,
0x000001be92ada000, 0x000001be92ad7800, 0x000001be92adc000, 0x000001be92adc800,
0x000001be92ad7000, 0x000001be92ad9800, 0x000001be92add800, 0x000001be94e0a000,
0x000001be9b04c800, 0x000001be9b04b000, 0x000001be9b04d800, 0x000001be9b048000,
0x000001be9b04c000, 0x000001be9b04e800, 0x000001be9b048800, 0x000001be9b04f000,
0x000001be9b049800, 0x000001be9b050000, 0x000001be9b04a800, 0x000001be9b055800,
0x000001be9b056800, 0x000001be9b053800, 0x000001be9b052800, 0x000001be9b054000,
0x000001be9b051000, 0x000001be9b055000, 0x000001be9b051800, 0x000001be9b622800,
0x000001be9b625000, 0x000001be9b625800, 0x000001be9b626800, 0x000001be9b623800,
0x000001be9b621000, 0x000001be9b627800, 0x000001be9b621800, 0x000001be9b629000,
0x000001be9b628000, 0x000001be9b62a000, 0x000001be9b624000, 0x000001be9b62e000,
0x000001be9b62f800, 0x000001be9b62e800, 0x000001be9b62a800, 0x000001be996d5800,
0x000001be9b62c800, 0x000001be9e934800, 0x000001be9e935000, 0x000001be9e937000,
0x000001be9e932000, 0x000001be9e936000, 0x000001be9e931000, 0x000001be9e937800,
0x000001be9e938800, 0x000001be9e932800
}

Java Threads: ( => current thread )
  0x000001bef786c800 JavaThread "main" [_thread_blocked, id=10556, stack(0x00000044fb600000,0x00000044fb700000)]
  0x000001be914fb000 JavaThread "Reference Handler" daemon [_thread_blocked, id=2388, stack(0x00000044fbd00000,0x00000044fbe00000)]
  0x000001be914fc800 JavaThread "Finalizer" daemon [_thread_blocked, id=5864, stack(0x00000044fbe00000,0x00000044fbf00000)]
  0x000001be91e75800 JavaThread "Signal Dispatcher" daemon [_thread_blocked, id=10924, stack(0x00000044fbf00000,0x00000044fc000000)]
  0x000001be91e76800 JavaThread "Attach Listener" daemon [_thread_blocked, id=1640, stack(0x00000044fc000000,0x00000044fc100000)]
  0x000001be91e78800 JavaThread "Service Thread" daemon [_thread_blocked, id=9040, stack(0x00000044fc100000,0x00000044fc200000)]
  0x000001be91e82000 JavaThread "C2 CompilerThread0" daemon [_thread_in_native, id=10880, stack(0x00000044fc200000,0x00000044fc300000)]
  0x000001be91e83000 JavaThread "C1 CompilerThread0" daemon [_thread_blocked, id=1244, stack(0x00000044fc300000,0x00000044fc400000)]
  0x000001be91524800 JavaThread "Sweeper thread" daemon [_thread_blocked, id=2932, stack(0x00000044fc400000,0x00000044fc500000)]
  0x000001be91fd7800 JavaThread "Common-Cleaner" daemon [_thread_blocked, id=6856, stack(0x00000044fc500000,0x00000044fc600000)]
  0x000001be93402800 JavaThread "Daemon health stats" [_thread_blocked, id=11760, stack(0x00000044fca00000,0x00000044fcb00000)]
  0x000001be93fae000 JavaThread "Incoming local TCP Connector on port 51259" [_thread_in_native, id=8920, stack(0x00000044fc900000,0x00000044fca00000)]
  0x000001be92e4d800 JavaThread "Daemon periodic checks" [_thread_blocked, id=5140, stack(0x00000044fcb00000,0x00000044fcc00000)]
  0x000001be94e0b000 JavaThread "Cache worker for journal cache (C:\Users\sam\.gradle\caches\journal-1)" [_thread_blocked, id=544, stack(0x00000044fd400000,0x00000044fd500000)]
  0x000001be94e08800 JavaThread "File lock request listener" [_thread_in_native, id=10112, stack(0x00000044fd500000,0x00000044fd600000)]
  0x000001be94e09000 JavaThread "Cache worker for file hash cache (C:\Users\sam\.gradle\caches\7.3.3\fileHashes)" [_thread_blocked, id=11836, stack(0x00000044fd600000,0x00000044fd700000)]
  0x000001be92ad0800 JavaThread "File watcher server" daemon [_thread_blocked, id=11488, stack(0x00000044fd900000,0x00000044fda00000)]
  0x000001be92ad4800 JavaThread "File watcher consumer" daemon [_thread_blocked, id=3032, stack(0x00000044fda00000,0x00000044fdb00000)]
  0x000001be92ad1000 JavaThread "jar transforms" [_thread_blocked, id=1548, stack(0x00000044fdb00000,0x00000044fdc00000)]
  0x000001be92ad3000 JavaThread "jar transforms Thread 2" [_thread_blocked, id=528, stack(0x00000044fdc00000,0x00000044fdd00000)]
  0x000001be92ad2000 JavaThread "jar transforms Thread 3" [_thread_blocked, id=6136, stack(0x00000044fdd00000,0x00000044fde00000)]
  0x000001be92ad3800 JavaThread "jar transforms Thread 4" [_thread_blocked, id=9924, stack(0x00000044fde00000,0x00000044fdf00000)]
  0x000001be92ad6000 JavaThread "Cache worker for execution history cache (C:\Users\sam\.gradle\caches\7.3.3\executionHistory)" [_thread_blocked, id=7128, stack(0x00000044fe100000,0x00000044fe200000)]
  0x000001be92ad5800 JavaThread "Cache worker for file content cache (C:\Users\sam\.gradle\caches\7.3.3\fileContent)" [_thread_blocked, id=5476, stack(0x00000044fe300000,0x00000044fe400000)]
  0x000001be97b06800 JavaThread "Memory manager" [_thread_blocked, id=10360, stack(0x0000004480f00000,0x0000004481000000)]
  0x000001be97b07800 JavaThread "pool-3-thread-1" [_thread_blocked, id=13580, stack(0x0000004481000000,0x0000004481100000)]
  0x000001be97b01000 JavaThread "Daemon Thread 2" [_thread_blocked, id=6836, stack(0x0000004480000000,0x0000004480100000)]
  0x000001be97b00000 JavaThread "Handler for socket connection from /127.0.0.1:51259 to /127.0.0.1:52105" [_thread_in_native, id=15284, stack(0x0000004480100000,0x0000004480200000)]
  0x000001be97b02800 JavaThread "Cancel handler" [_thread_blocked, id=4376, stack(0x0000004480200000,0x0000004480300000)]
  0x000001be97b01800 JavaThread "Daemon worker Thread 2" [_thread_blocked, id=14056, stack(0x0000004480300000,0x0000004480400000)]
  0x000001be97b03000 JavaThread "Asynchronous log dispatcher for DefaultDaemonConnection: socket connection from /127.0.0.1:51259 to /127.0.0.1:52105" [_thread_blocked, id=11404, stack(0x0000004480400000,0x0000004480500000)]
  0x000001be97b04000 JavaThread "Stdin handler" [_thread_blocked, id=14256, stack(0x0000004480500000,0x0000004480600000)]
  0x000001be97afe800 JavaThread "Daemon client event forwarder" [_thread_blocked, id=684, stack(0x0000004480600000,0x0000004480700000)]
  0x000001be97aff000 JavaThread "Cache worker for file hash cache (C:\Users\sam\Documents\kotlin\Github User Final\GithubUserFinal\.gradle\7.3.3\fileHashes)" [_thread_blocked, id=2068, stack(0x0000004480700000,0x0000004480800000)]
  0x000001be97b0a800 JavaThread "Cache worker for checksums cache (C:\Users\sam\Documents\kotlin\Github User Final\GithubUserFinal\.gradle\7.3.3\checksums)" [_thread_blocked, id=4312, stack(0x0000004480800000,0x0000004480900000)]
  0x000001be97b08000 JavaThread "Cache worker for cache directory md-supplier (C:\Users\sam\.gradle\caches\7.3.3\md-supplier)" [_thread_blocked, id=12384, stack(0x0000004480900000,0x0000004480a00000)]
  0x000001be97b09000 JavaThread "Cache worker for cache directory md-rule (C:\Users\sam\.gradle\caches\7.3.3\md-rule)" [_thread_blocked, id=6348, stack(0x0000004480a00000,0x0000004480b00000)]
  0x000001be97b0a000 JavaThread "Cache worker for dependencies-accessors (C:\Users\sam\Documents\kotlin\Github User Final\GithubUserFinal\.gradle\7.3.3\dependencies-accessors)" [_thread_blocked, id=2976, stack(0x0000004480c00000,0x0000004480d00000)]
  0x000001be97b05000 JavaThread "Cache worker for Build Output Cleanup Cache (C:\Users\sam\Documents\kotlin\Github User Final\GithubUserFinal\.gradle\buildOutputCleanup)" [_thread_blocked, id=9916, stack(0x0000004480d00000,0x0000004480e00000)]
  0x000001be97b0b800 JavaThread "Unconstrained build operations" [_thread_blocked, id=14012, stack(0x0000004480e00000,0x0000004480f00000)]
  0x000001be97b0c000 JavaThread "Unconstrained build operations Thread 2" [_thread_blocked, id=2708, stack(0x0000004481100000,0x0000004481200000)]
  0x000001be97b0d000 JavaThread "Unconstrained build operations Thread 3" [_thread_blocked, id=13248, stack(0x0000004481200000,0x0000004481300000)]
  0x000001be92ace800 JavaThread "Unconstrained build operations Thread 4" [_thread_blocked, id=12508, stack(0x0000004481300000,0x0000004481400000)]
  0x000001be92acf800 JavaThread "Unconstrained build operations Thread 5" [_thread_blocked, id=13076, stack(0x0000004481400000,0x0000004481500000)]
  0x000001be92ada000 JavaThread "Unconstrained build operations Thread 6" [_thread_blocked, id=13520, stack(0x0000004481500000,0x0000004481600000)]
  0x000001be92ad7800 JavaThread "Unconstrained build operations Thread 7" [_thread_blocked, id=8044, stack(0x0000004481600000,0x0000004481700000)]
  0x000001be92adc000 JavaThread "Unconstrained build operations Thread 8" [_thread_blocked, id=1452, stack(0x0000004481700000,0x0000004481800000)]
  0x000001be92adc800 JavaThread "Unconstrained build operations Thread 9" [_thread_blocked, id=9864, stack(0x0000004481800000,0x0000004481900000)]
  0x000001be92ad7000 JavaThread "Unconstrained build operations Thread 10" [_thread_blocked, id=7116, stack(0x0000004481900000,0x0000004481a00000)]
  0x000001be92ad9800 JavaThread "Unconstrained build operations Thread 11" [_thread_blocked, id=12600, stack(0x0000004481a00000,0x0000004481b00000)]
  0x000001be92add800 JavaThread "Unconstrained build operations Thread 12" [_thread_blocked, id=14896, stack(0x0000004481b00000,0x0000004481c00000)]
  0x000001be94e0a000 JavaThread "Unconstrained build operations Thread 13" [_thread_blocked, id=13416, stack(0x0000004481c00000,0x0000004481d00000)]
  0x000001be9b04c800 JavaThread "Unconstrained build operations Thread 14" [_thread_blocked, id=3116, stack(0x0000004481d00000,0x0000004481e00000)]
  0x000001be9b04b000 JavaThread "Unconstrained build operations Thread 15" [_thread_blocked, id=14992, stack(0x0000004481e00000,0x0000004481f00000)]
  0x000001be9b04d800 JavaThread "Unconstrained build operations Thread 16" [_thread_blocked, id=2904, stack(0x0000004481f00000,0x0000004482000000)]
  0x000001be9b048000 JavaThread "Unconstrained build operations Thread 17" [_thread_blocked, id=6088, stack(0x0000004482000000,0x0000004482100000)]
  0x000001be9b04c000 JavaThread "Unconstrained build operations Thread 18" [_thread_blocked, id=700, stack(0x0000004482100000,0x0000004482200000)]
  0x000001be9b04e800 JavaThread "Unconstrained build operations Thread 19" [_thread_blocked, id=3952, stack(0x0000004482200000,0x0000004482300000)]
  0x000001be9b048800 JavaThread "Unconstrained build operations Thread 20" [_thread_blocked, id=1392, stack(0x0000004482300000,0x0000004482400000)]
  0x000001be9b04f000 JavaThread "Unconstrained build operations Thread 21" [_thread_blocked, id=4548, stack(0x0000004482400000,0x0000004482500000)]
  0x000001be9b049800 JavaThread "Unconstrained build operations Thread 22" [_thread_blocked, id=5180, stack(0x0000004482500000,0x0000004482600000)]
  0x000001be9b050000 JavaThread "Unconstrained build operations Thread 23" [_thread_blocked, id=9536, stack(0x0000004482600000,0x0000004482700000)]
  0x000001be9b04a800 JavaThread "Unconstrained build operations Thread 24" [_thread_blocked, id=6608, stack(0x0000004482700000,0x0000004482800000)]
  0x000001be9b055800 JavaThread "Unconstrained build operations Thread 25" [_thread_blocked, id=11088, stack(0x0000004482800000,0x0000004482900000)]
  0x000001be9b056800 JavaThread "Unconstrained build operations Thread 26" [_thread_blocked, id=13212, stack(0x0000004482900000,0x0000004482a00000)]
  0x000001be9b053800 JavaThread "Unconstrained build operations Thread 27" [_thread_blocked, id=12120, stack(0x0000004482a00000,0x0000004482b00000)]
  0x000001be9b052800 JavaThread "Unconstrained build operations Thread 28" [_thread_blocked, id=9688, stack(0x0000004482b00000,0x0000004482c00000)]
  0x000001be9b054000 JavaThread "Unconstrained build operations Thread 29" [_thread_blocked, id=13460, stack(0x0000004482c00000,0x0000004482d00000)]
  0x000001be9b051000 JavaThread "Unconstrained build operations Thread 30" [_thread_blocked, id=14660, stack(0x0000004482d00000,0x0000004482e00000)]
  0x000001be9b055000 JavaThread "Unconstrained build operations Thread 31" [_thread_blocked, id=9388, stack(0x0000004482e00000,0x0000004482f00000)]
  0x000001be9b051800 JavaThread "Unconstrained build operations Thread 32" [_thread_blocked, id=11988, stack(0x0000004482f00000,0x0000004483000000)]
  0x000001be9b622800 JavaThread "Unconstrained build operations Thread 33" [_thread_blocked, id=14180, stack(0x0000004483000000,0x0000004483100000)]
  0x000001be9b625000 JavaThread "Unconstrained build operations Thread 34" [_thread_blocked, id=11968, stack(0x0000004483100000,0x0000004483200000)]
  0x000001be9b625800 JavaThread "Unconstrained build operations Thread 35" [_thread_blocked, id=1028, stack(0x0000004483200000,0x0000004483300000)]
  0x000001be9b626800 JavaThread "Unconstrained build operations Thread 36" [_thread_blocked, id=10740, stack(0x0000004483300000,0x0000004483400000)]
  0x000001be9b623800 JavaThread "Unconstrained build operations Thread 37" [_thread_blocked, id=15108, stack(0x0000004483400000,0x0000004483500000)]
  0x000001be9b621000 JavaThread "Unconstrained build operations Thread 38" [_thread_blocked, id=13988, stack(0x0000004483500000,0x0000004483600000)]
  0x000001be9b627800 JavaThread "Unconstrained build operations Thread 39" [_thread_blocked, id=12068, stack(0x0000004483600000,0x0000004483700000)]
  0x000001be9b621800 JavaThread "Unconstrained build operations Thread 40" [_thread_blocked, id=9672, stack(0x0000004483700000,0x0000004483800000)]
  0x000001be9b629000 JavaThread "build event listener" [_thread_blocked, id=12840, stack(0x0000004483900000,0x0000004483a00000)]
  0x000001be9b628000 JavaThread "pool-6-thread-1" [_thread_blocked, id=11392, stack(0x0000004483a00000,0x0000004483b00000)]
  0x000001be9b62a000 JavaThread "build event listener" [_thread_blocked, id=6068, stack(0x0000004483b00000,0x0000004483c00000)]
  0x000001be9b624000 JavaThread "Execution worker for ':'" [_thread_blocked, id=8944, stack(0x0000004483c00000,0x0000004483d00000)]
  0x000001be9b62e000 JavaThread "Execution worker for ':' Thread 2" [_thread_blocked, id=13096, stack(0x0000004483d00000,0x0000004483e00000)]
  0x000001be9b62f800 JavaThread "Execution worker for ':' Thread 3" [_thread_blocked, id=3440, stack(0x0000004483e00000,0x0000004483f00000)]
  0x000001be9b62e800 JavaThread "Cache worker for execution history cache (C:\Users\sam\Documents\kotlin\Github User Final\GithubUserFinal\.gradle\7.3.3\executionHistory)" [_thread_blocked, id=13088, stack(0x0000004483f00000,0x0000004484000000)]
  0x000001be9b62a800 JavaThread "WorkerExecutor Queue" [_thread_blocked, id=8272, stack(0x0000004484000000,0x0000004484100000)]
  0x000001be996d5800 JavaThread "C2 CompilerThread1" daemon [_thread_in_native, id=12880, stack(0x0000004480b00000,0x0000004480c00000)]
  0x000001be9b62c800 JavaThread "WorkerExecutor Queue Thread 3" [_thread_blocked, id=15340, stack(0x0000004484200000,0x0000004484300000)]
  0x000001be9e934800 JavaThread "WorkerExecutor Queue Thread 5" [_thread_blocked, id=9676, stack(0x0000004484100000,0x0000004484200000)]
  0x000001be9e935000 JavaThread "WorkerExecutor Queue Thread 6" [_thread_blocked, id=4960, stack(0x0000004484300000,0x0000004484400000)]
  0x000001be9e937000 JavaThread "pool-7-thread-1" [_thread_blocked, id=6752, stack(0x0000004484500000,0x0000004484600000)]
  0x000001be9e932000 JavaThread "stderr" [_thread_in_native, id=14820, stack(0x0000004484600000,0x0000004484700000)]
  0x000001be9e936000 JavaThread "stdout" [_thread_in_native, id=8320, stack(0x0000004484700000,0x0000004484800000)]
  0x000001be9e931000 JavaThread "ForkJoinPool-1-worker-3" daemon [_thread_blocked, id=3144, stack(0x0000004484800000,0x0000004484900000)]
  0x000001be9e937800 JavaThread "ForkJoinPool-1-worker-5" daemon [_thread_blocked, id=716, stack(0x0000004484900000,0x0000004484a00000)]
  0x000001be9e938800 JavaThread "ForkJoinPool-1-worker-7" daemon [_thread_blocked, id=6008, stack(0x0000004484a00000,0x0000004484b00000)]
  0x000001be9e932800 JavaThread "ForkJoinPool-1-worker-1" daemon [_thread_blocked, id=14244, stack(0x0000004484b00000,0x0000004484c00000)]

Other Threads:
=>0x000001be914f7000 VMThread "VM Thread" [stack: 0x00000044fbc00000,0x00000044fbd00000] [id=10852]
  0x000001be91ff5000 WatcherThread [stack: 0x00000044fc600000,0x00000044fc700000] [id=3964]
  0x000001bef7886000 GCTaskThread "GC Thread#0" [stack: 0x00000044fb700000,0x00000044fb800000] [id=1396]
  0x000001be926fe800 GCTaskThread "GC Thread#1" [stack: 0x00000044fc700000,0x00000044fc800000] [id=8912]
  0x000001be9233b800 GCTaskThread "GC Thread#2" [stack: 0x00000044fc800000,0x00000044fc900000] [id=13552]
  0x000001be9509d000 GCTaskThread "GC Thread#3" [stack: 0x00000044fd300000,0x00000044fd400000] [id=14388]
  0x000001bef78b5800 ConcurrentGCThread "G1 Main Marker" [stack: 0x00000044fb800000,0x00000044fb900000] [id=7300]
  0x000001bef78b7000 ConcurrentGCThread "G1 Conc#0" [stack: 0x00000044fb900000,0x00000044fba00000] [id=2012]
  0x000001bef794e800 ConcurrentGCThread "G1 Refine#0" [stack: 0x00000044fba00000,0x00000044fbb00000] [id=14688]
  0x000001be957c0000 ConcurrentGCThread "G1 Refine#1" [stack: 0x0000004483800000,0x0000004483900000] [id=8436]
  0x000001be91346800 ConcurrentGCThread "G1 Young RemSet Sampling" [stack: 0x00000044fbb00000,0x00000044fbc00000] [id=11868]

Threads with active compile tasks:
C2 CompilerThread04827060 19786   !   4       java.net.URLClassLoader$1::run (63 bytes)
C2 CompilerThread14827060 19944       4       com.android.tools.r8.code.y1::a (4129 bytes)

VM state:at safepoint (normal execution)

VM Mutex/Monitor currently owned by a thread:  ([mutex/lock_event])
[0x000001bef7868ad0] Threads_lock - owner thread: 0x000001be914f7000
[0x000001bef78681d0] Heap_lock - owner thread: 0x000001be9e937800

Heap address: 0x0000000080000000, size: 2048 MB, Compressed Oops mode: 32-bit
Narrow klass base: 0x0000000000000000, Narrow klass shift: 3
Compressed class space size: 1073741824 Address: 0x0000000100000000

Heap:
 garbage-first heap   total 519168K, used 241664K [0x0000000080000000, 0x0000000100000000)
  region size 1024K, 3 young (3072K), 3 survivors (3072K)
 Metaspace       used 135914K, capacity 138849K, committed 138980K, reserved 1171456K
  class space    used 16724K, capacity 17825K, committed 17920K, reserved 1048576K
Heap Regions: E=young(eden), S=young(survivor), O=old, HS=humongous(starts), HC=humongous(continues), CS=collection set, F=free, A=archive, TAMS=top-at-mark-start (previous, next)
|   0|0x0000000080000000, 0x0000000080100000, 0x0000000080100000|100%| O|  |TAMS 0x0000000080100000, 0x0000000080000000| Untracked 
|   1|0x0000000080100000, 0x0000000080200000, 0x0000000080200000|100%| O|  |TAMS 0x0000000080200000, 0x0000000080100000| Untracked 
|   2|0x0000000080200000, 0x0000000080300000, 0x0000000080300000|100%| O|  |TAMS 0x0000000080300000, 0x0000000080200000| Untracked 
|   3|0x0000000080300000, 0x0000000080400000, 0x0000000080400000|100%|HS|  |TAMS 0x0000000080400000, 0x0000000080300000| Complete 
|   4|0x0000000080400000, 0x0000000080500000, 0x0000000080500000|100%|HC|  |TAMS 0x0000000080500000, 0x0000000080400000| Complete 
|   5|0x0000000080500000, 0x0000000080600000, 0x0000000080600000|100%|HC|  |TAMS 0x0000000080600000, 0x0000000080500000| Complete 
|   6|0x0000000080600000, 0x0000000080700000, 0x0000000080700000|100%| O|  |TAMS 0x0000000080700000, 0x0000000080600000| Untracked 
|   7|0x0000000080700000, 0x0000000080800000, 0x0000000080800000|100%| O|  |TAMS 0x0000000080800000, 0x0000000080700000| Untracked 
|   8|0x0000000080800000, 0x0000000080900000, 0x0000000080900000|100%| O|  |TAMS 0x0000000080900000, 0x0000000080800000| Untracked 
|   9|0x0000000080900000, 0x0000000080a00000, 0x0000000080a00000|100%| O|  |TAMS 0x0000000080a00000, 0x0000000080900000| Untracked 
|  10|0x0000000080a00000, 0x0000000080b00000, 0x0000000080b00000|100%| O|  |TAMS 0x0000000080b00000, 0x0000000080a00000| Untracked 
|  11|0x0000000080b00000, 0x0000000080c00000, 0x0000000080c00000|100%| O|  |TAMS 0x0000000080c00000, 0x0000000080b00000| Untracked 
|  12|0x0000000080c00000, 0x0000000080d00000, 0x0000000080d00000|100%| O|  |TAMS 0x0000000080d00000, 0x0000000080c00000| Untracked 
|  13|0x0000000080d00000, 0x0000000080e00000, 0x0000000080e00000|100%| O|  |TAMS 0x0000000080e00000, 0x0000000080d00000| Untracked 
|  14|0x0000000080e00000, 0x0000000080f00000, 0x0000000080f00000|100%| O|  |TAMS 0x0000000080f00000, 0x0000000080e00000| Untracked 
|  15|0x0000000080f00000, 0x0000000081000000, 0x0000000081000000|100%| O|  |TAMS 0x0000000081000000, 0x0000000080f00000| Untracked 
|  16|0x0000000081000000, 0x0000000081100000, 0x0000000081100000|100%| O|  |TAMS 0x0000000081100000, 0x0000000081000000| Untracked 
|  17|0x0000000081100000, 0x0000000081200000, 0x0000000081200000|100%|HS|  |TAMS 0x0000000081200000, 0x0000000081100000| Complete 
|  18|0x0000000081200000, 0x0000000081300000, 0x0000000081300000|100%|HC|  |TAMS 0x0000000081300000, 0x0000000081200000| Complete 
|  19|0x0000000081300000, 0x0000000081400000, 0x0000000081400000|100%|HS|  |TAMS 0x0000000081400000, 0x0000000081300000| Complete 
|  20|0x0000000081400000, 0x0000000081500000, 0x0000000081500000|100%|HC|  |TAMS 0x0000000081500000, 0x0000000081400000| Complete 
|  21|0x0000000081500000, 0x0000000081600000, 0x0000000081600000|100%|HC|  |TAMS 0x0000000081600000, 0x0000000081500000| Complete 
|  22|0x0000000081600000, 0x0000000081700000, 0x0000000081700000|100%|HS|  |TAMS 0x0000000081700000, 0x0000000081600000| Complete 
|  23|0x0000000081700000, 0x0000000081800000, 0x0000000081800000|100%|HS|  |TAMS 0x0000000081800000, 0x0000000081700000| Complete 
|  24|0x0000000081800000, 0x0000000081900000, 0x0000000081900000|100%|HC|  |TAMS 0x0000000081900000, 0x0000000081800000| Complete 
|  25|0x0000000081900000, 0x0000000081a00000, 0x0000000081a00000|100%|HC|  |TAMS 0x0000000081a00000, 0x0000000081900000| Complete 
|  26|0x0000000081a00000, 0x0000000081b00000, 0x0000000081b00000|100%|HC|  |TAMS 0x0000000081b00000, 0x0000000081a00000| Complete 
|  27|0x0000000081b00000, 0x0000000081c00000, 0x0000000081c00000|100%| O|  |TAMS 0x0000000081c00000, 0x0000000081b00000| Untracked 
|  28|0x0000000081c00000, 0x0000000081d00000, 0x0000000081d00000|100%| O|  |TAMS 0x0000000081d00000, 0x0000000081c00000| Untracked 
|  29|0x0000000081d00000, 0x0000000081e00000, 0x0000000081e00000|100%| O|  |TAMS 0x0000000081e00000, 0x0000000081d00000| Untracked 
|  30|0x0000000081e00000, 0x0000000081f00000, 0x0000000081f00000|100%| O|  |TAMS 0x0000000081f00000, 0x0000000081e00000| Untracked 
|  31|0x0000000081f00000, 0x0000000082000000, 0x0000000082000000|100%| O|  |TAMS 0x0000000082000000, 0x0000000081f00000| Untracked 
|  32|0x0000000082000000, 0x0000000082100000, 0x0000000082100000|100%| O|  |TAMS 0x0000000082100000, 0x0000000082000000| Untracked 
|  33|0x0000000082100000, 0x0000000082200000, 0x0000000082200000|100%| O|  |TAMS 0x0000000082200000, 0x0000000082100000| Untracked 
|  34|0x0000000082200000, 0x0000000082300000, 0x0000000082300000|100%| O|  |TAMS 0x0000000082300000, 0x0000000082200000| Untracked 
|  35|0x0000000082300000, 0x0000000082400000, 0x0000000082400000|100%|HS|  |TAMS 0x0000000082400000, 0x0000000082300000| Complete 
|  36|0x0000000082400000, 0x0000000082500000, 0x0000000082500000|100%|HS|  |TAMS 0x0000000082500000, 0x0000000082400000| Complete 
|  37|0x0000000082500000, 0x0000000082600000, 0x0000000082600000|100%|HC|  |TAMS 0x0000000082600000, 0x0000000082500000| Complete 
|  38|0x0000000082600000, 0x0000000082700000, 0x0000000082700000|100%|HC|  |TAMS 0x0000000082700000, 0x0000000082600000| Complete 
|  39|0x0000000082700000, 0x0000000082800000, 0x0000000082800000|100%| O|  |TAMS 0x0000000082800000, 0x0000000082700000| Untracked 
|  40|0x0000000082800000, 0x0000000082900000, 0x0000000082900000|100%| O|  |TAMS 0x0000000082900000, 0x0000000082800000| Untracked 
|  41|0x0000000082900000, 0x0000000082a00000, 0x0000000082a00000|100%| O|  |TAMS 0x0000000082a00000, 0x0000000082900000| Untracked 
|  42|0x0000000082a00000, 0x0000000082b00000, 0x0000000082b00000|100%| O|  |TAMS 0x0000000082b00000, 0x0000000082a00000| Untracked 
|  43|0x0000000082b00000, 0x0000000082c00000, 0x0000000082c00000|100%| O|  |TAMS 0x0000000082c00000, 0x0000000082b00000| Untracked 
|  44|0x0000000082c00000, 0x0000000082d00000, 0x0000000082d00000|100%| O|  |TAMS 0x0000000082d00000, 0x0000000082c00000| Untracked 
|  45|0x0000000082d00000, 0x0000000082e00000, 0x0000000082e00000|100%| O|  |TAMS 0x0000000082e00000, 0x0000000082d00000| Untracked 
|  46|0x0000000082e00000, 0x0000000082f00000, 0x0000000082f00000|100%|HS|  |TAMS 0x0000000082f00000, 0x0000000082e00000| Complete 
|  47|0x0000000082f00000, 0x0000000083000000, 0x0000000083000000|100%|HC|  |TAMS 0x0000000083000000, 0x0000000082f00000| Complete 
|  48|0x0000000083000000, 0x0000000083100000, 0x0000000083100000|100%|HC|  |TAMS 0x0000000083100000, 0x0000000083000000| Complete 
|  49|0x0000000083100000, 0x0000000083200000, 0x0000000083200000|100%|HC|  |TAMS 0x0000000083200000, 0x0000000083100000| Complete 
|  50|0x0000000083200000, 0x0000000083300000, 0x0000000083300000|100%| O|  |TAMS 0x0000000083200000, 0x0000000083200000| Untracked 
|  51|0x0000000083300000, 0x0000000083400000, 0x0000000083400000|100%| O|  |TAMS 0x0000000083400000, 0x0000000083300000| Untracked 
|  52|0x0000000083400000, 0x0000000083500000, 0x0000000083500000|100%| O|  |TAMS 0x0000000083500000, 0x0000000083400000| Untracked 
|  53|0x0000000083500000, 0x0000000083600000, 0x0000000083600000|100%| O|  |TAMS 0x0000000083600000, 0x0000000083500000| Untracked 
|  54|0x0000000083600000, 0x0000000083700000, 0x0000000083700000|100%| O|  |TAMS 0x0000000083700000, 0x0000000083600000| Untracked 
|  55|0x0000000083700000, 0x0000000083800000, 0x0000000083800000|100%|HS|  |TAMS 0x0000000083800000, 0x0000000083700000| Complete 
|  56|0x0000000083800000, 0x0000000083900000, 0x0000000083900000|100%|HS|  |TAMS 0x0000000083900000, 0x0000000083800000| Complete 
|  57|0x0000000083900000, 0x0000000083a00000, 0x0000000083a00000|100%|HS|  |TAMS 0x0000000083a00000, 0x0000000083900000| Complete 
|  58|0x0000000083a00000, 0x0000000083b00000, 0x0000000083b00000|100%|HS|  |TAMS 0x0000000083b00000, 0x0000000083a00000| Complete 
|  59|0x0000000083b00000, 0x0000000083c00000, 0x0000000083c00000|100%|HC|  |TAMS 0x0000000083c00000, 0x0000000083b00000| Complete 
|  60|0x0000000083c00000, 0x0000000083d00000, 0x0000000083d00000|100%|HC|  |TAMS 0x0000000083d00000, 0x0000000083c00000| Complete 
|  61|0x0000000083d00000, 0x0000000083e00000, 0x0000000083e00000|100%|HS|  |TAMS 0x0000000083e00000, 0x0000000083d00000| Complete 
|  62|0x0000000083e00000, 0x0000000083f00000, 0x0000000083f00000|100%|HC|  |TAMS 0x0000000083f00000, 0x0000000083e00000| Complete 
|  63|0x0000000083f00000, 0x0000000084000000, 0x0000000084000000|100%| O|  |TAMS 0x0000000083f00000, 0x0000000083f00000| Untracked 
|  64|0x0000000084000000, 0x0000000084100000, 0x0000000084100000|100%| O|  |TAMS 0x0000000084000000, 0x0000000084000000| Untracked 
|  65|0x0000000084100000, 0x0000000084200000, 0x0000000084200000|100%| O|  |TAMS 0x0000000084200000, 0x0000000084100000| Untracked 
|  66|0x0000000084200000, 0x0000000084300000, 0x0000000084300000|100%| O|  |TAMS 0x0000000084300000, 0x0000000084200000| Untracked 
|  67|0x0000000084300000, 0x0000000084400000, 0x0000000084400000|100%| O|  |TAMS 0x0000000084400000, 0x0000000084300000| Untracked 
|  68|0x0000000084400000, 0x0000000084500000, 0x0000000084500000|100%| O|  |TAMS 0x0000000084500000, 0x0000000084400000| Untracked 
|  69|0x0000000084500000, 0x0000000084600000, 0x0000000084600000|100%| O|  |TAMS 0x0000000084600000, 0x0000000084500000| Untracked 
|  70|0x0000000084600000, 0x0000000084700000, 0x0000000084700000|100%| O|  |TAMS 0x0000000084700000, 0x0000000084600000| Untracked 
|  71|0x0000000084700000, 0x0000000084800000, 0x0000000084800000|100%| O|  |TAMS 0x0000000084800000, 0x0000000084700000| Untracked 
|  72|0x0000000084800000, 0x0000000084900000, 0x0000000084900000|100%| O|  |TAMS 0x0000000084900000, 0x0000000084800000| Untracked 
|  73|0x0000000084900000, 0x0000000084a00000, 0x0000000084a00000|100%| O|  |TAMS 0x0000000084a00000, 0x0000000084900000| Untracked 
|  74|0x0000000084a00000, 0x0000000084b00000, 0x0000000084b00000|100%| O|  |TAMS 0x0000000084a00000, 0x0000000084a00000| Untracked 
|  75|0x0000000084b00000, 0x0000000084c00000, 0x0000000084c00000|100%| O|  |TAMS 0x0000000084c00000, 0x0000000084b00000| Untracked 
|  76|0x0000000084c00000, 0x0000000084d00000, 0x0000000084d00000|100%| O|  |TAMS 0x0000000084d00000, 0x0000000084c00000| Untracked 
|  77|0x0000000084d00000, 0x0000000084e00000, 0x0000000084e00000|100%| O|  |TAMS 0x0000000084e00000, 0x0000000084d00000| Untracked 
|  78|0x0000000084e00000, 0x0000000084f00000, 0x0000000084f00000|100%| O|  |TAMS 0x0000000084f00000, 0x0000000084e00000| Untracked 
|  79|0x0000000084f00000, 0x0000000085000000, 0x0000000085000000|100%| O|  |TAMS 0x0000000085000000, 0x0000000084f00000| Untracked 
|  80|0x0000000085000000, 0x0000000085100000, 0x0000000085100000|100%| O|  |TAMS 0x0000000085100000, 0x0000000085000000| Untracked 
|  81|0x0000000085100000, 0x0000000085200000, 0x0000000085200000|100%| O|  |TAMS 0x0000000085200000, 0x0000000085100000| Untracked 
|  82|0x0000000085200000, 0x0000000085300000, 0x0000000085300000|100%|HS|  |TAMS 0x0000000085300000, 0x0000000085200000| Complete 
|  83|0x0000000085300000, 0x0000000085400000, 0x0000000085400000|100%|HC|  |TAMS 0x0000000085400000, 0x0000000085300000| Complete 
|  84|0x0000000085400000, 0x0000000085500000, 0x0000000085500000|100%| O|  |TAMS 0x0000000085500000, 0x0000000085400000| Untracked 
|  85|0x0000000085500000, 0x0000000085600000, 0x0000000085600000|100%| O|  |TAMS 0x0000000085500000, 0x0000000085500000| Untracked 
|  86|0x0000000085600000, 0x0000000085700000, 0x0000000085700000|100%| O|  |TAMS 0x0000000085700000, 0x0000000085600000| Untracked 
|  87|0x0000000085700000, 0x0000000085800000, 0x0000000085800000|100%| O|  |TAMS 0x0000000085800000, 0x0000000085700000| Untracked 
|  88|0x0000000085800000, 0x0000000085900000, 0x0000000085900000|100%|HS|  |TAMS 0x0000000085900000, 0x0000000085800000| Complete 
|  89|0x0000000085900000, 0x0000000085a00000, 0x0000000085a00000|100%|HC|  |TAMS 0x0000000085a00000, 0x0000000085900000| Complete 
|  90|0x0000000085a00000, 0x0000000085b00000, 0x0000000085b00000|100%|HC|  |TAMS 0x0000000085b00000, 0x0000000085a00000| Complete 
|  91|0x0000000085b00000, 0x0000000085c00000, 0x0000000085c00000|100%|HS|  |TAMS 0x0000000085c00000, 0x0000000085b00000| Complete 
|  92|0x0000000085c00000, 0x0000000085d00000, 0x0000000085d00000|100%|HS|  |TAMS 0x0000000085d00000, 0x0000000085c00000| Complete 
|  93|0x0000000085d00000, 0x0000000085e00000, 0x0000000085e00000|100%|HC|  |TAMS 0x0000000085e00000, 0x0000000085d00000| Complete 
|  94|0x0000000085e00000, 0x0000000085f00000, 0x0000000085f00000|100%|HC|  |TAMS 0x0000000085f00000, 0x0000000085e00000| Complete 
|  95|0x0000000085f00000, 0x0000000086000000, 0x0000000086000000|100%|HC|  |TAMS 0x0000000086000000, 0x0000000085f00000| Complete 
|  96|0x0000000086000000, 0x0000000086100000, 0x0000000086100000|100%| O|  |TAMS 0x0000000086100000, 0x0000000086000000| Untracked 
|  97|0x0000000086100000, 0x0000000086200000, 0x0000000086200000|100%| O|  |TAMS 0x0000000086200000, 0x0000000086100000| Untracked 
|  98|0x0000000086200000, 0x0000000086300000, 0x0000000086300000|100%| O|  |TAMS 0x0000000086200000, 0x0000000086200000| Untracked 
|  99|0x0000000086300000, 0x0000000086400000, 0x0000000086400000|100%| O|  |TAMS 0x0000000086300000, 0x0000000086300000| Untracked 
| 100|0x0000000086400000, 0x0000000086500000, 0x0000000086500000|100%| O|  |TAMS 0x0000000086500000, 0x0000000086400000| Untracked 
| 101|0x0000000086500000, 0x0000000086600000, 0x0000000086600000|100%| O|  |TAMS 0x0000000086600000, 0x0000000086500000| Untracked 
| 102|0x0000000086600000, 0x0000000086700000, 0x0000000086700000|100%| O|  |TAMS 0x0000000086600000, 0x0000000086600000| Untracked 
| 103|0x0000000086700000, 0x0000000086800000, 0x0000000086800000|100%| O|  |TAMS 0x0000000086800000, 0x0000000086700000| Untracked 
| 104|0x0000000086800000, 0x0000000086900000, 0x0000000086900000|100%| O|  |TAMS 0x0000000086900000, 0x0000000086800000| Untracked 
| 105|0x0000000086900000, 0x0000000086a00000, 0x0000000086a00000|100%| O|  |TAMS 0x0000000086a00000, 0x0000000086900000| Untracked 
| 106|0x0000000086a00000, 0x0000000086b00000, 0x0000000086b00000|100%| O|  |TAMS 0x0000000086b00000, 0x0000000086a00000| Untracked 
| 107|0x0000000086b00000, 0x0000000086c00000, 0x0000000086c00000|100%| O|  |TAMS 0x0000000086c00000, 0x0000000086b00000| Untracked 
| 108|0x0000000086c00000, 0x0000000086d00000, 0x0000000086d00000|100%| O|  |TAMS 0x0000000086d00000, 0x0000000086c00000| Untracked 
| 109|0x0000000086d00000, 0x0000000086e00000, 0x0000000086e00000|100%| O|  |TAMS 0x0000000086d00000, 0x0000000086d00000| Untracked 
| 110|0x0000000086e00000, 0x0000000086f00000, 0x0000000086f00000|100%| O|  |TAMS 0x0000000086e00000, 0x0000000086e00000| Untracked 
| 111|0x0000000086f00000, 0x0000000087000000, 0x0000000087000000|100%| O|  |TAMS 0x0000000086f00000, 0x0000000086f00000| Untracked 
| 112|0x0000000087000000, 0x0000000087100000, 0x0000000087100000|100%| O|  |TAMS 0x0000000087100000, 0x0000000087000000| Untracked 
| 113|0x0000000087100000, 0x0000000087200000, 0x0000000087200000|100%| O|  |TAMS 0x0000000087200000, 0x0000000087100000| Untracked 
| 114|0x0000000087200000, 0x0000000087300000, 0x0000000087300000|100%| O|  |TAMS 0x0000000087200000, 0x0000000087200000| Untracked 
| 115|0x0000000087300000, 0x0000000087400000, 0x0000000087400000|100%| O|  |TAMS 0x0000000087300000, 0x0000000087300000| Untracked 
| 116|0x0000000087400000, 0x0000000087500000, 0x0000000087500000|100%| O|  |TAMS 0x0000000087400000, 0x0000000087400000| Untracked 
| 117|0x0000000087500000, 0x0000000087600000, 0x0000000087600000|100%| O|  |TAMS 0x0000000087500000, 0x0000000087500000| Untracked 
| 118|0x0000000087600000, 0x0000000087700000, 0x0000000087700000|100%|HS|  |TAMS 0x0000000087600000, 0x0000000087600000| Complete 
| 119|0x0000000087700000, 0x0000000087800000, 0x0000000087800000|100%| O|  |TAMS 0x0000000087800000, 0x0000000087700000| Untracked 
| 120|0x0000000087800000, 0x0000000087900000, 0x0000000087900000|100%|HS|  |TAMS 0x0000000087800000, 0x0000000087800000| Complete 
| 121|0x0000000087900000, 0x0000000087a00000, 0x0000000087a00000|100%|HC|  |TAMS 0x0000000087900000, 0x0000000087900000| Complete 
| 122|0x0000000087a00000, 0x0000000087b00000, 0x0000000087b00000|100%|HS|  |TAMS 0x0000000087a00000, 0x0000000087a00000| Complete 
| 123|0x0000000087b00000, 0x0000000087c00000, 0x0000000087c00000|100%| O|  |TAMS 0x0000000087b00000, 0x0000000087b00000| Untracked 
| 124|0x0000000087c00000, 0x0000000087d00000, 0x0000000087d00000|100%| O|  |TAMS 0x0000000087c00000, 0x0000000087c00000| Untracked 
| 125|0x0000000087d00000, 0x0000000087e00000, 0x0000000087e00000|100%| O|  |TAMS 0x0000000087e00000, 0x0000000087d00000| Untracked 
| 126|0x0000000087e00000, 0x0000000087f00000, 0x0000000087f00000|100%| O|  |TAMS 0x0000000087f00000, 0x0000000087e00000| Untracked 
| 127|0x0000000087f00000, 0x0000000088000000, 0x0000000088000000|100%| O|  |TAMS 0x0000000088000000, 0x0000000087f00000| Untracked 
| 128|0x0000000088000000, 0x0000000088100000, 0x0000000088100000|100%| O|  |TAMS 0x0000000088000000, 0x0000000088000000| Untracked 
| 129|0x0000000088100000, 0x0000000088200000, 0x0000000088200000|100%| O|  |TAMS 0x0000000088200000, 0x0000000088100000| Untracked 
| 130|0x0000000088200000, 0x0000000088300000, 0x0000000088300000|100%| O|  |TAMS 0x0000000088300000, 0x0000000088200000| Untracked 
| 131|0x0000000088300000, 0x0000000088400000, 0x0000000088400000|100%| O|  |TAMS 0x0000000088400000, 0x0000000088300000| Untracked 
| 132|0x0000000088400000, 0x0000000088500000, 0x0000000088500000|100%| O|  |TAMS 0x0000000088400000, 0x0000000088400000| Untracked 
| 133|0x0000000088500000, 0x0000000088600000, 0x0000000088600000|100%| O|  |TAMS 0x0000000088600000, 0x0000000088500000| Untracked 
| 134|0x0000000088600000, 0x0000000088700000, 0x0000000088700000|100%| O|  |TAMS 0x0000000088700000, 0x0000000088600000| Untracked 
| 135|0x0000000088700000, 0x0000000088800000, 0x0000000088800000|100%| O|  |TAMS 0x0000000088800000, 0x0000000088700000| Untracked 
| 136|0x0000000088800000, 0x0000000088900000, 0x0000000088900000|100%| O|  |TAMS 0x0000000088900000, 0x0000000088800000| Untracked 
| 137|0x0000000088900000, 0x0000000088a00000, 0x0000000088a00000|100%| O|  |TAMS 0x0000000088a00000, 0x0000000088900000| Untracked 
| 138|0x0000000088a00000, 0x0000000088b00000, 0x0000000088b00000|100%| O|  |TAMS 0x0000000088b00000, 0x0000000088a00000| Untracked 
| 139|0x0000000088b00000, 0x0000000088c00000, 0x0000000088c00000|100%| O|  |TAMS 0x0000000088c00000, 0x0000000088b00000| Untracked 
| 140|0x0000000088c00000, 0x0000000088d00000, 0x0000000088d00000|100%| O|  |TAMS 0x0000000088d00000, 0x0000000088c00000| Untracked 
| 141|0x0000000088d00000, 0x0000000088e00000, 0x0000000088e00000|100%| O|  |TAMS 0x0000000088e00000, 0x0000000088d00000| Untracked 
| 142|0x0000000088e00000, 0x0000000088f00000, 0x0000000088f00000|100%| O|  |TAMS 0x0000000088f00000, 0x0000000088e00000| Untracked 
| 143|0x0000000088f00000, 0x0000000089000000, 0x0000000089000000|100%| O|  |TAMS 0x0000000089000000, 0x0000000088f00000| Untracked 
| 144|0x0000000089000000, 0x0000000089100000, 0x0000000089100000|100%| O|  |TAMS 0x0000000089100000, 0x0000000089000000| Untracked 
| 145|0x0000000089100000, 0x0000000089200000, 0x0000000089200000|100%| O|  |TAMS 0x0000000089200000, 0x0000000089100000| Untracked 
| 146|0x0000000089200000, 0x0000000089300000, 0x0000000089300000|100%| O|  |TAMS 0x0000000089200000, 0x0000000089200000| Untracked 
| 147|0x0000000089300000, 0x0000000089400000, 0x0000000089400000|100%| O|  |TAMS 0x0000000089300000, 0x0000000089300000| Untracked 
| 148|0x0000000089400000, 0x0000000089500000, 0x0000000089500000|100%|HS|  |TAMS 0x0000000089400000, 0x0000000089400000| Complete 
| 149|0x0000000089500000, 0x0000000089600000, 0x0000000089600000|100%|HS|  |TAMS 0x0000000089500000, 0x0000000089500000| Complete 
| 150|0x0000000089600000, 0x0000000089700000, 0x0000000089700000|100%|HS|  |TAMS 0x0000000089600000, 0x0000000089600000| Complete 
| 151|0x0000000089700000, 0x0000000089800000, 0x0000000089800000|100%|HC|  |TAMS 0x0000000089700000, 0x0000000089700000| Complete 
| 152|0x0000000089800000, 0x0000000089900000, 0x0000000089900000|100%|HC|  |TAMS 0x0000000089800000, 0x0000000089800000| Complete 
| 153|0x0000000089900000, 0x0000000089a00000, 0x0000000089a00000|100%| O|  |TAMS 0x0000000089900000, 0x0000000089900000| Untracked 
| 154|0x0000000089a00000, 0x0000000089b00000, 0x0000000089b00000|100%| O|  |TAMS 0x0000000089a00000, 0x0000000089a00000| Untracked 
| 155|0x0000000089b00000, 0x0000000089c00000, 0x0000000089c00000|100%| O|  |TAMS 0x0000000089b00000, 0x0000000089b00000| Untracked 
| 156|0x0000000089c00000, 0x0000000089d00000, 0x0000000089d00000|100%| O|  |TAMS 0x0000000089c00000, 0x0000000089c00000| Untracked 
| 157|0x0000000089d00000, 0x0000000089e00000, 0x0000000089e00000|100%|HS|  |TAMS 0x0000000089d00000, 0x0000000089d00000| Complete 
| 158|0x0000000089e00000, 0x0000000089f00000, 0x0000000089f00000|100%| O|  |TAMS 0x0000000089e00000, 0x0000000089e00000| Untracked 
| 159|0x0000000089f00000, 0x000000008a000000, 0x000000008a000000|100%| O|  |TAMS 0x000000008a000000, 0x0000000089f00000| Untracked 
| 160|0x000000008a000000, 0x000000008a100000, 0x000000008a100000|100%| O|  |TAMS 0x000000008a100000, 0x000000008a000000| Untracked 
| 161|0x000000008a100000, 0x000000008a200000, 0x000000008a200000|100%| O|  |TAMS 0x000000008a200000, 0x000000008a100000| Untracked 
| 162|0x000000008a200000, 0x000000008a300000, 0x000000008a300000|100%| O|  |TAMS 0x000000008a300000, 0x000000008a200000| Untracked 
| 163|0x000000008a300000, 0x000000008a400000, 0x000000008a400000|100%| O|  |TAMS 0x000000008a400000, 0x000000008a300000| Untracked 
| 164|0x000000008a400000, 0x000000008a500000, 0x000000008a500000|100%| O|  |TAMS 0x000000008a500000, 0x000000008a400000| Untracked 
| 165|0x000000008a500000, 0x000000008a600000, 0x000000008a600000|100%| O|  |TAMS 0x000000008a500000, 0x000000008a500000| Untracked 
| 166|0x000000008a600000, 0x000000008a700000, 0x000000008a700000|100%| O|  |TAMS 0x000000008a600000, 0x000000008a600000| Untracked 
| 167|0x000000008a700000, 0x000000008a800000, 0x000000008a800000|100%| O|  |TAMS 0x000000008a700000, 0x000000008a700000| Untracked 
| 168|0x000000008a800000, 0x000000008a900000, 0x000000008a900000|100%| O|  |TAMS 0x000000008a900000, 0x000000008a800000| Untracked 
| 169|0x000000008a900000, 0x000000008aa00000, 0x000000008aa00000|100%| O|  |TAMS 0x000000008aa00000, 0x000000008a900000| Untracked 
| 170|0x000000008aa00000, 0x000000008ab00000, 0x000000008ab00000|100%|HS|  |TAMS 0x000000008ab00000, 0x000000008aa00000| Complete 
| 171|0x000000008ab00000, 0x000000008ac00000, 0x000000008ac00000|100%|HS|  |TAMS 0x000000008ac00000, 0x000000008ab00000| Complete 
| 172|0x000000008ac00000, 0x000000008ad00000, 0x000000008ad00000|100%|HC|  |TAMS 0x000000008ad00000, 0x000000008ac00000| Complete 
| 173|0x000000008ad00000, 0x000000008ae00000, 0x000000008ae00000|100%|HS|  |TAMS 0x000000008ae00000, 0x000000008ad00000| Complete 
| 174|0x000000008ae00000, 0x000000008af00000, 0x000000008af00000|100%|HC|  |TAMS 0x000000008af00000, 0x000000008ae00000| Complete 
| 175|0x000000008af00000, 0x000000008b000000, 0x000000008b000000|100%|HS|  |TAMS 0x000000008b000000, 0x000000008af00000| Complete 
| 176|0x000000008b000000, 0x000000008b100000, 0x000000008b100000|100%|HS|  |TAMS 0x000000008b100000, 0x000000008b000000| Complete 
| 177|0x000000008b100000, 0x000000008b200000, 0x000000008b200000|100%|HS|  |TAMS 0x000000008b200000, 0x000000008b100000| Complete 
| 178|0x000000008b200000, 0x000000008b300000, 0x000000008b300000|100%|HS|  |TAMS 0x000000008b300000, 0x000000008b200000| Complete 
| 179|0x000000008b300000, 0x000000008b400000, 0x000000008b400000|100%|HC|  |TAMS 0x000000008b400000, 0x000000008b300000| Complete 
| 180|0x000000008b400000, 0x000000008b500000, 0x000000008b500000|100%| O|  |TAMS 0x000000008b500000, 0x000000008b400000| Untracked 
| 181|0x000000008b500000, 0x000000008b600000, 0x000000008b600000|100%| O|  |TAMS 0x000000008b5c7a00, 0x000000008b500000| Untracked 
| 182|0x000000008b600000, 0x000000008b700000, 0x000000008b700000|100%|HS|  |TAMS 0x000000008b600000, 0x000000008b600000| Complete 
| 183|0x000000008b700000, 0x000000008b800000, 0x000000008b800000|100%|HC|  |TAMS 0x000000008b700000, 0x000000008b700000| Complete 
| 184|0x000000008b800000, 0x000000008b900000, 0x000000008b900000|100%|HC|  |TAMS 0x000000008b800000, 0x000000008b800000| Complete 
| 185|0x000000008b900000, 0x000000008ba00000, 0x000000008ba00000|100%| O|  |TAMS 0x000000008b900000, 0x000000008b900000| Untracked 
| 186|0x000000008ba00000, 0x000000008bb00000, 0x000000008bb00000|100%| O|  |TAMS 0x000000008ba00000, 0x000000008ba00000| Untracked 
| 187|0x000000008bb00000, 0x000000008bc00000, 0x000000008bc00000|100%|HS|  |TAMS 0x000000008bb00000, 0x000000008bb00000| Complete 
| 188|0x000000008bc00000, 0x000000008bd00000, 0x000000008bd00000|100%|HC|  |TAMS 0x000000008bc00000, 0x000000008bc00000| Complete 
| 189|0x000000008bd00000, 0x000000008be00000, 0x000000008be00000|100%| O|  |TAMS 0x000000008bd00000, 0x000000008bd00000| Untracked 
| 190|0x000000008be00000, 0x000000008bf00000, 0x000000008bf00000|100%| O|  |TAMS 0x000000008be00000, 0x000000008be00000| Untracked 
| 191|0x000000008bf00000, 0x000000008c000000, 0x000000008c000000|100%|HS|  |TAMS 0x000000008bf00000, 0x000000008bf00000| Complete 
| 192|0x000000008c000000, 0x000000008c100000, 0x000000008c100000|100%|HC|  |TAMS 0x000000008c000000, 0x000000008c000000| Complete 
| 193|0x000000008c100000, 0x000000008c200000, 0x000000008c200000|100%| O|  |TAMS 0x000000008c100000, 0x000000008c100000| Untracked 
| 194|0x000000008c200000, 0x000000008c300000, 0x000000008c300000|100%|HS|  |TAMS 0x000000008c200000, 0x000000008c200000| Complete 
| 195|0x000000008c300000, 0x000000008c400000, 0x000000008c400000|100%| O|  |TAMS 0x000000008c300000, 0x000000008c300000| Untracked 
| 196|0x000000008c400000, 0x000000008c500000, 0x000000008c500000|100%| O|  |TAMS 0x000000008c400000, 0x000000008c400000| Untracked 
| 197|0x000000008c500000, 0x000000008c600000, 0x000000008c600000|100%| O|  |TAMS 0x000000008c500000, 0x000000008c500000| Untracked 
| 198|0x000000008c600000, 0x000000008c700000, 0x000000008c700000|100%| O|  |TAMS 0x000000008c600000, 0x000000008c600000| Untracked 
| 199|0x000000008c700000, 0x000000008c800000, 0x000000008c800000|100%| O|  |TAMS 0x000000008c700000, 0x000000008c700000| Untracked 
| 200|0x000000008c800000, 0x000000008c900000, 0x000000008c900000|100%| O|  |TAMS 0x000000008c800000, 0x000000008c800000| Untracked 
| 201|0x000000008c900000, 0x000000008ca00000, 0x000000008ca00000|100%| O|  |TAMS 0x000000008c900000, 0x000000008c900000| Untracked 
| 202|0x000000008ca00000, 0x000000008cb00000, 0x000000008cb00000|100%| O|  |TAMS 0x000000008ca00000, 0x000000008ca00000| Untracked 
| 203|0x000000008cb00000, 0x000000008cc00000, 0x000000008cc00000|100%| O|  |TAMS 0x000000008cb00000, 0x000000008cb00000| Untracked 
| 204|0x000000008cc00000, 0x000000008cd00000, 0x000000008cd00000|100%| O|  |TAMS 0x000000008cc00000, 0x000000008cc00000| Untracked 
| 205|0x000000008cd00000, 0x000000008ce00000, 0x000000008ce00000|100%| O|  |TAMS 0x000000008cd00000, 0x000000008cd00000| Untracked 
| 206|0x000000008ce00000, 0x000000008cf00000, 0x000000008cf00000|100%| O|  |TAMS 0x000000008ce00000, 0x000000008ce00000| Untracked 
| 207|0x000000008cf00000, 0x000000008d000000, 0x000000008d000000|100%| O|  |TAMS 0x000000008cf00000, 0x000000008cf00000| Untracked 
| 208|0x000000008d000000, 0x000000008d100000, 0x000000008d100000|100%| O|  |TAMS 0x000000008d000000, 0x000000008d000000| Untracked 
| 209|0x000000008d100000, 0x000000008d200000, 0x000000008d200000|100%| O|  |TAMS 0x000000008d100000, 0x000000008d100000| Untracked 
| 210|0x000000008d200000, 0x000000008d300000, 0x000000008d300000|100%| O|  |TAMS 0x000000008d200000, 0x000000008d200000| Untracked 
| 211|0x000000008d300000, 0x000000008d400000, 0x000000008d400000|100%| O|  |TAMS 0x000000008d300000, 0x000000008d300000| Untracked 
| 212|0x000000008d400000, 0x000000008d500000, 0x000000008d500000|100%| O|  |TAMS 0x000000008d400000, 0x000000008d400000| Untracked 
| 213|0x000000008d500000, 0x000000008d600000, 0x000000008d600000|100%| O|  |TAMS 0x000000008d500000, 0x000000008d500000| Untracked 
| 214|0x000000008d600000, 0x000000008d700000, 0x000000008d700000|100%| O|  |TAMS 0x000000008d600000, 0x000000008d600000| Untracked 
| 215|0x000000008d700000, 0x000000008d800000, 0x000000008d800000|100%| O|  |TAMS 0x000000008d700000, 0x000000008d700000| Untracked 
| 216|0x000000008d800000, 0x000000008d900000, 0x000000008d900000|100%| O|  |TAMS 0x000000008d800000, 0x000000008d800000| Untracked 
| 217|0x000000008d900000, 0x000000008da00000, 0x000000008da00000|100%| O|  |TAMS 0x000000008d900000, 0x000000008d900000| Untracked 
| 218|0x000000008da00000, 0x000000008db00000, 0x000000008db00000|100%| O|  |TAMS 0x000000008da00000, 0x000000008da00000| Untracked 
| 219|0x000000008db00000, 0x000000008dc00000, 0x000000008dc00000|100%| O|  |TAMS 0x000000008db00000, 0x000000008db00000| Untracked 
| 220|0x000000008dc00000, 0x000000008dd00000, 0x000000008dd00000|100%| O|  |TAMS 0x000000008dc00000, 0x000000008dc00000| Untracked 
| 221|0x000000008dd00000, 0x000000008de00000, 0x000000008de00000|100%| O|  |TAMS 0x000000008dd00000, 0x000000008dd00000| Untracked 
| 222|0x000000008de00000, 0x000000008df00000, 0x000000008df00000|100%| O|  |TAMS 0x000000008de00000, 0x000000008de00000| Untracked 
| 223|0x000000008df00000, 0x000000008e000000, 0x000000008e000000|100%| O|  |TAMS 0x000000008df00000, 0x000000008df00000| Untracked 
| 224|0x000000008e000000, 0x000000008e100000, 0x000000008e100000|100%| O|  |TAMS 0x000000008e000000, 0x000000008e000000| Untracked 
| 225|0x000000008e100000, 0x000000008e200000, 0x000000008e200000|100%| O|  |TAMS 0x000000008e100000, 0x000000008e100000| Untracked 
| 226|0x000000008e200000, 0x000000008e300000, 0x000000008e300000|100%| O|  |TAMS 0x000000008e200000, 0x000000008e200000| Untracked 
| 227|0x000000008e300000, 0x000000008e400000, 0x000000008e400000|100%| O|  |TAMS 0x000000008e300000, 0x000000008e300000| Untracked 
| 228|0x000000008e400000, 0x000000008e500000, 0x000000008e500000|100%| O|  |TAMS 0x000000008e400000, 0x000000008e400000| Untracked 
| 229|0x000000008e500000, 0x000000008e600000, 0x000000008e600000|100%| O|  |TAMS 0x000000008e500000, 0x000000008e500000| Untracked 
| 230|0x000000008e600000, 0x000000008e700000, 0x000000008e700000|100%| O|  |TAMS 0x000000008e600000, 0x000000008e600000| Untracked 
| 231|0x000000008e700000, 0x000000008e800000, 0x000000008e800000|100%| O|  |TAMS 0x000000008e700000, 0x000000008e700000| Untracked 
| 232|0x000000008e800000, 0x000000008e900000, 0x000000008e900000|100%| O|  |TAMS 0x000000008e800000, 0x000000008e800000| Untracked 
| 233|0x000000008e900000, 0x000000008e900000, 0x000000008ea00000|  0%| F|  |TAMS 0x000000008e900000, 0x000000008e900000| Untracked 
| 234|0x000000008ea00000, 0x000000008ea00000, 0x000000008eb00000|  0%| F|  |TAMS 0x000000008ea00000, 0x000000008ea00000| Untracked 
| 235|0x000000008eb00000, 0x000000008eb00000, 0x000000008ec00000|  0%| F|  |TAMS 0x000000008eb00000, 0x000000008eb00000| Untracked 
| 236|0x000000008ec00000, 0x000000008ec00000, 0x000000008ed00000|  0%| F|  |TAMS 0x000000008ec00000, 0x000000008ec00000| Untracked 
| 237|0x000000008ed00000, 0x000000008ed00000, 0x000000008ee00000|  0%| F|  |TAMS 0x000000008ed00000, 0x000000008ed00000| Untracked 
| 238|0x000000008ee00000, 0x000000008ee00000, 0x000000008ef00000|  0%| F|  |TAMS 0x000000008ee00000, 0x000000008ee00000| Untracked 
| 239|0x000000008ef00000, 0x000000008ef00000, 0x000000008f000000|  0%| F|  |TAMS 0x000000008ef00000, 0x000000008ef00000| Untracked 
| 240|0x000000008f000000, 0x000000008f000000, 0x000000008f100000|  0%| F|  |TAMS 0x000000008f000000, 0x000000008f000000| Untracked 
| 241|0x000000008f100000, 0x000000008f100000, 0x000000008f200000|  0%| F|  |TAMS 0x000000008f100000, 0x000000008f100000| Untracked 
| 242|0x000000008f200000, 0x000000008f200000, 0x000000008f300000|  0%| F|  |TAMS 0x000000008f200000, 0x000000008f200000| Untracked 
| 243|0x000000008f300000, 0x000000008f300000, 0x000000008f400000|  0%| F|  |TAMS 0x000000008f300000, 0x000000008f300000| Untracked 
| 244|0x000000008f400000, 0x000000008f400000, 0x000000008f500000|  0%| F|  |TAMS 0x000000008f400000, 0x000000008f400000| Untracked 
| 245|0x000000008f500000, 0x000000008f500000, 0x000000008f600000|  0%| F|  |TAMS 0x000000008f500000, 0x000000008f500000| Untracked 
| 246|0x000000008f600000, 0x000000008f600000, 0x000000008f700000|  0%| F|  |TAMS 0x000000008f600000, 0x000000008f600000| Untracked 
| 247|0x000000008f700000, 0x000000008f700000, 0x000000008f800000|  0%| F|  |TAMS 0x000000008f700000, 0x000000008f700000| Untracked 
| 248|0x000000008f800000, 0x000000008f800000, 0x000000008f900000|  0%| F|  |TAMS 0x000000008f800000, 0x000000008f800000| Untracked 
| 249|0x000000008f900000, 0x000000008f900000, 0x000000008fa00000|  0%| F|  |TAMS 0x000000008f900000, 0x000000008f900000| Untracked 
| 250|0x000000008fa00000, 0x000000008fa00000, 0x000000008fb00000|  0%| F|  |TAMS 0x000000008fa00000, 0x000000008fa00000| Untracked 
| 251|0x000000008fb00000, 0x000000008fb00000, 0x000000008fc00000|  0%| F|  |TAMS 0x000000008fb00000, 0x000000008fb00000| Untracked 
| 252|0x000000008fc00000, 0x000000008fc00000, 0x000000008fd00000|  0%| F|  |TAMS 0x000000008fc00000, 0x000000008fc00000| Untracked 
| 253|0x000000008fd00000, 0x000000008fd00000, 0x000000008fe00000|  0%| F|  |TAMS 0x000000008fd00000, 0x000000008fd00000| Untracked 
| 254|0x000000008fe00000, 0x000000008fe00000, 0x000000008ff00000|  0%| F|  |TAMS 0x000000008fe00000, 0x000000008fe00000| Untracked 
| 255|0x000000008ff00000, 0x000000008ff00000, 0x0000000090000000|  0%| F|  |TAMS 0x000000008ff00000, 0x000000008ff00000| Untracked 
| 256|0x0000000090000000, 0x0000000090000000, 0x0000000090100000|  0%| F|  |TAMS 0x0000000090000000, 0x0000000090000000| Untracked 
| 257|0x0000000090100000, 0x0000000090100000, 0x0000000090200000|  0%| F|  |TAMS 0x0000000090100000, 0x0000000090100000| Untracked 
| 258|0x0000000090200000, 0x0000000090200000, 0x0000000090300000|  0%| F|  |TAMS 0x0000000090200000, 0x0000000090200000| Untracked 
| 259|0x0000000090300000, 0x0000000090300000, 0x0000000090400000|  0%| F|  |TAMS 0x0000000090300000, 0x0000000090300000| Untracked 
| 260|0x0000000090400000, 0x0000000090400000, 0x0000000090500000|  0%| F|  |TAMS 0x0000000090400000, 0x0000000090400000| Untracked 
| 261|0x0000000090500000, 0x0000000090500000, 0x0000000090600000|  0%| F|  |TAMS 0x0000000090500000, 0x0000000090500000| Untracked 
| 262|0x0000000090600000, 0x0000000090600000, 0x0000000090700000|  0%| F|  |TAMS 0x0000000090600000, 0x0000000090600000| Untracked 
| 263|0x0000000090700000, 0x0000000090700000, 0x0000000090800000|  0%| F|  |TAMS 0x0000000090700000, 0x0000000090700000| Untracked 
| 264|0x0000000090800000, 0x0000000090800000, 0x0000000090900000|  0%| F|  |TAMS 0x0000000090800000, 0x0000000090800000| Untracked 
| 265|0x0000000090900000, 0x0000000090900000, 0x0000000090a00000|  0%| F|  |TAMS 0x0000000090900000, 0x0000000090900000| Untracked 
| 266|0x0000000090a00000, 0x0000000090a00000, 0x0000000090b00000|  0%| F|  |TAMS 0x0000000090a00000, 0x0000000090a00000| Untracked 
| 267|0x0000000090b00000, 0x0000000090b00000, 0x0000000090c00000|  0%| F|  |TAMS 0x0000000090b00000, 0x0000000090b00000| Untracked 
| 268|0x0000000090c00000, 0x0000000090c00000, 0x0000000090d00000|  0%| F|  |TAMS 0x0000000090c00000, 0x0000000090c00000| Untracked 
| 269|0x0000000090d00000, 0x0000000090d00000, 0x0000000090e00000|  0%| F|  |TAMS 0x0000000090d00000, 0x0000000090d00000| Untracked 
| 270|0x0000000090e00000, 0x0000000090e00000, 0x0000000090f00000|  0%| F|  |TAMS 0x0000000090e00000, 0x0000000090e00000| Untracked 
| 271|0x0000000090f00000, 0x0000000090f00000, 0x0000000091000000|  0%| F|  |TAMS 0x0000000090f00000, 0x0000000090f00000| Untracked 
| 272|0x0000000091000000, 0x0000000091000000, 0x0000000091100000|  0%| F|  |TAMS 0x0000000091000000, 0x0000000091000000| Untracked 
| 273|0x0000000091100000, 0x0000000091200000, 0x0000000091200000|100%| S|CS|TAMS 0x0000000091100000, 0x0000000091100000| Complete 
| 274|0x0000000091200000, 0x0000000091300000, 0x0000000091300000|100%| S|CS|TAMS 0x0000000091200000, 0x0000000091200000| Complete 
| 275|0x0000000091300000, 0x0000000091400000, 0x0000000091400000|100%| S|CS|TAMS 0x0000000091300000, 0x0000000091300000| Complete 
| 276|0x0000000091400000, 0x0000000091400000, 0x0000000091500000|  0%| F|  |TAMS 0x0000000091400000, 0x0000000091400000| Untracked 
| 277|0x0000000091500000, 0x0000000091500000, 0x0000000091600000|  0%| F|  |TAMS 0x0000000091500000, 0x0000000091500000| Untracked 
| 278|0x0000000091600000, 0x0000000091600000, 0x0000000091700000|  0%| F|  |TAMS 0x0000000091600000, 0x0000000091600000| Untracked 
| 279|0x0000000091700000, 0x0000000091700000, 0x0000000091800000|  0%| F|  |TAMS 0x0000000091700000, 0x0000000091700000| Untracked 
| 280|0x0000000091800000, 0x0000000091800000, 0x0000000091900000|  0%| F|  |TAMS 0x0000000091800000, 0x0000000091800000| Untracked 
| 281|0x0000000091900000, 0x0000000091900000, 0x0000000091a00000|  0%| F|  |TAMS 0x0000000091900000, 0x0000000091900000| Untracked 
| 282|0x0000000091a00000, 0x0000000091a00000, 0x0000000091b00000|  0%| F|  |TAMS 0x0000000091a00000, 0x0000000091a00000| Untracked 
| 283|0x0000000091b00000, 0x0000000091b00000, 0x0000000091c00000|  0%| F|  |TAMS 0x0000000091b00000, 0x0000000091b00000| Untracked 
| 284|0x0000000091c00000, 0x0000000091c00000, 0x0000000091d00000|  0%| F|  |TAMS 0x0000000091c00000, 0x0000000091c00000| Untracked 
| 285|0x0000000091d00000, 0x0000000091d00000, 0x0000000091e00000|  0%| F|  |TAMS 0x0000000091d00000, 0x0000000091d00000| Untracked 
| 286|0x0000000091e00000, 0x0000000091e00000, 0x0000000091f00000|  0%| F|  |TAMS 0x0000000091e00000, 0x0000000091e00000| Untracked 
| 287|0x0000000091f00000, 0x0000000091f00000, 0x0000000092000000|  0%| F|  |TAMS 0x0000000091f00000, 0x0000000091f00000| Untracked 
| 288|0x0000000092000000, 0x0000000092000000, 0x0000000092100000|  0%| F|  |TAMS 0x0000000092000000, 0x0000000092000000| Untracked 
| 289|0x0000000092100000, 0x0000000092100000, 0x0000000092200000|  0%| F|  |TAMS 0x0000000092100000, 0x0000000092100000| Untracked 
| 290|0x0000000092200000, 0x0000000092200000, 0x0000000092300000|  0%| F|  |TAMS 0x0000000092200000, 0x0000000092200000| Untracked 
| 291|0x0000000092300000, 0x0000000092300000, 0x0000000092400000|  0%| F|  |TAMS 0x0000000092300000, 0x0000000092300000| Untracked 

Card table byte_map: [0x000001befb780000,0x000001befbb80000] _byte_map_base: 0x000001befb380000

Marking Bits (Prev, Next): (CMBitMap*) 0x000001bef78acc80, (CMBitMap*) 0x000001bef78acc48
 Prev Bits: [0x000001befdf80000, 0x000001befff80000)
 Next Bits: [0x000001befbf80000, 0x000001befdf80000)

Polling page: 0x000001bef5680000

Metaspace:

Usage:
  Non-class:    118.19 MB capacity,   116.40 MB ( 98%) used,     1.44 MB (  1%) free+waste,   357.13 KB ( <1%) overhead. 
      Class:     17.41 MB capacity,    16.33 MB ( 94%) used,   947.84 KB (  5%) free+waste,   152.63 KB ( <1%) overhead. 
       Both:    135.59 MB capacity,   132.73 MB ( 98%) used,     2.37 MB (  2%) free+waste,   509.75 KB ( <1%) overhead. 

Virtual space:
  Non-class space:      120.00 MB reserved,     118.22 MB ( 99%) committed 
      Class space:        1.00 GB reserved,      17.50 MB (  2%) committed 
             Both:        1.12 GB reserved,     135.72 MB ( 12%) committed 

Chunk freelists:
   Non-Class:  36.00 KB
       Class:  0 bytes
        Both:  36.00 KB

MaxMetaspaceSize: 17179869184.00 GB
CompressedClassSpaceSize: 1.00 GB
Initial GC threshold: 20.80 MB
Current GC threshold: 218.08 MB
CDS: off

CodeHeap 'non-profiled nmethods': size=120064Kb used=12996Kb max_used=12996Kb free=107067Kb
 bounds [0x000001be87ac0000, 0x000001be88780000, 0x000001be8f000000]
CodeHeap 'profiled nmethods': size=120000Kb used=44337Kb max_used=44337Kb free=75662Kb
 bounds [0x000001be80590000, 0x000001be830e0000, 0x000001be87ac0000]
CodeHeap 'non-nmethods': size=5696Kb used=2488Kb max_used=2532Kb free=3207Kb
 bounds [0x000001be80000000, 0x000001be80290000, 0x000001be80590000]
 total_blobs=19970 nmethods=18952 adapters=927
 compilation: enabled
              stopped_count=0, restarted_count=0
 full_count=0

Compilation events (20 events):
Event: 4826.908 Thread 0x000001be91e83000 20049       2       com.android.tools.r8.internal.UG::<init> (12 bytes)
Event: 4826.908 Thread 0x000001be91e83000 nmethod 20049 0x000001be830dad90 code [0x000001be830daf40, 0x000001be830db0a8]
Event: 4826.908 Thread 0x000001be91e83000 20050       2       com.android.tools.r8.internal.ZG::<init> (6 bytes)
Event: 4826.908 Thread 0x000001be91e83000 nmethod 20050 0x000001be830db190 code [0x000001be830db340, 0x000001be830db448]
Event: 4826.908 Thread 0x000001be91e83000 20051       2       com.android.tools.r8.internal.ZG::<init> (41 bytes)
Event: 4826.908 Thread 0x000001be91e83000 nmethod 20051 0x000001be830db510 code [0x000001be830db6c0, 0x000001be830db838]
Event: 4826.913 Thread 0x000001be91e83000 20052       2       com.android.tools.r8.code.x2::<init> (7 bytes)
Event: 4826.913 Thread 0x000001be91e83000 nmethod 20052 0x000001be830db910 code [0x000001be830dbae0, 0x000001be830dbd18]
Event: 4826.920 Thread 0x000001be91e83000 20054       2       com.android.tools.r8.code.P3::<init> (7 bytes)
Event: 4826.920 Thread 0x000001be91e83000 nmethod 20054 0x000001be830dbf10 code [0x000001be830dc0c0, 0x000001be830dc218]
Event: 4826.927 Thread 0x000001be91e83000 20055       2       com.android.tools.r8.code.f1::<init> (7 bytes)
Event: 4826.928 Thread 0x000001be91e83000 nmethod 20055 0x000001be830dc310 code [0x000001be830dc4e0, 0x000001be830dc6a8]
Event: 4826.952 Thread 0x000001be91e83000 20057       2       com.android.tools.r8.code.R2::<init> (7 bytes)
Event: 4826.952 Thread 0x000001be91e83000 nmethod 20057 0x000001be830dc810 code [0x000001be830dc9c0, 0x000001be830dcb18]
Event: 4826.952 Thread 0x000001be91e83000 20058       2       com.android.tools.r8.code.t::<init> (7 bytes)
Event: 4826.952 Thread 0x000001be91e83000 nmethod 20058 0x000001be830dcc10 code [0x000001be830dcde0, 0x000001be830dcfa8]
Event: 4826.956 Thread 0x000001be91e83000 20059       2       com.android.tools.r8.code.h1::<init> (7 bytes)
Event: 4826.957 Thread 0x000001be91e83000 nmethod 20059 0x000001be830dd110 code [0x000001be830dd2e0, 0x000001be830dd4a8]
Event: 4826.980 Thread 0x000001be91e83000 20061       2       com.android.tools.r8.code.r3::<init> (8 bytes)
Event: 4826.981 Thread 0x000001be91e83000 nmethod 20061 0x000001be830dd610 code [0x000001be830dd7e0, 0x000001be830dda28]

GC Heap History (20 events):
Event: 4822.009 GC heap after
{Heap after GC invocations=61 (full 0):
 garbage-first heap   total 236544K, used 190238K [0x0000000080000000, 0x0000000100000000)
  region size 1024K, 4 young (4096K), 4 survivors (4096K)
 Metaspace       used 130389K, capacity 133160K, committed 133348K, reserved 1165312K
  class space    used 15827K, capacity 16848K, committed 16896K, reserved 1048576K
}
Event: 4823.307 GC heap before
{Heap before GC invocations=62 (full 0):
 garbage-first heap   total 236544K, used 196382K [0x0000000080000000, 0x0000000100000000)
  region size 1024K, 20 young (20480K), 4 survivors (4096K)
 Metaspace       used 132654K, capacity 135517K, committed 135780K, reserved 1167360K
  class space    used 16150K, capacity 17205K, committed 17280K, reserved 1048576K
}
Event: 4823.323 GC heap after
{Heap after GC invocations=63 (full 0):
 garbage-first heap   total 236544K, used 183326K [0x0000000080000000, 0x0000000100000000)
  region size 1024K, 3 young (3072K), 3 survivors (3072K)
 Metaspace       used 132654K, capacity 135517K, committed 135780K, reserved 1167360K
  class space    used 16150K, capacity 17205K, committed 17280K, reserved 1048576K
}
Event: 4823.498 GC heap before
{Heap before GC invocations=63 (full 0):
 garbage-first heap   total 236544K, used 208926K [0x0000000080000000, 0x0000000100000000)
  region size 1024K, 11 young (11264K), 3 survivors (3072K)
 Metaspace       used 133374K, capacity 136228K, committed 136420K, reserved 1169408K
  class space    used 16253K, capacity 17317K, committed 17408K, reserved 1048576K
}
Event: 4823.521 GC heap after
{Heap after GC invocations=64 (full 0):
 garbage-first heap   total 236544K, used 171424K [0x0000000080000000, 0x0000000100000000)
  region size 1024K, 2 young (2048K), 2 survivors (2048K)
 Metaspace       used 133374K, capacity 136228K, committed 136420K, reserved 1169408K
  class space    used 16253K, capacity 17317K, committed 17408K, reserved 1048576K
}
Event: 4823.538 GC heap before
{Heap before GC invocations=64 (full 0):
 garbage-first heap   total 236544K, used 193952K [0x0000000080000000, 0x0000000100000000)
  region size 1024K, 11 young (11264K), 2 survivors (2048K)
 Metaspace       used 133378K, capacity 136228K, committed 136420K, reserved 1169408K
  class space    used 16253K, capacity 17317K, committed 17408K, reserved 1048576K
}
Event: 4823.561 GC heap after
{Heap after GC invocations=65 (full 0):
 garbage-first heap   total 236544K, used 178979K [0x0000000080000000, 0x0000000100000000)
  region size 1024K, 2 young (2048K), 2 survivors (2048K)
 Metaspace       used 133378K, capacity 136228K, committed 136420K, reserved 1169408K
  class space    used 16253K, capacity 17317K, committed 17408K, reserved 1048576K
}
Event: 4824.196 GC heap before
{Heap before GC invocations=65 (full 0):
 garbage-first heap   total 236544K, used 197411K [0x0000000080000000, 0x0000000100000000)
  region size 1024K, 21 young (21504K), 2 survivors (2048K)
 Metaspace       used 133606K, capacity 136428K, committed 136676K, reserved 1169408K
  class space    used 16275K, capacity 17319K, committed 17408K, reserved 1048576K
}
Event: 4824.240 GC heap after
{Heap after GC invocations=66 (full 0):
 garbage-first heap   total 236544K, used 187206K [0x0000000080000000, 0x0000000100000000)
  region size 1024K, 3 young (3072K), 3 survivors (3072K)
 Metaspace       used 133606K, capacity 136428K, committed 136676K, reserved 1169408K
  class space    used 16275K, capacity 17319K, committed 17408K, reserved 1048576K
}
Event: 4824.497 GC heap before
{Heap before GC invocations=66 (full 0):
 garbage-first heap   total 236544K, used 201542K [0x0000000080000000, 0x0000000100000000)
  region size 1024K, 17 young (17408K), 3 survivors (3072K)
 Metaspace       used 133608K, capacity 136428K, committed 136676K, reserved 1169408K
  class space    used 16275K, capacity 17319K, committed 17408K, reserved 1048576K
}
Event: 4824.534 GC heap after
{Heap after GC invocations=67 (full 0):
 garbage-first heap   total 236544K, used 194143K [0x0000000080000000, 0x0000000100000000)
  region size 1024K, 3 young (3072K), 3 survivors (3072K)
 Metaspace       used 133608K, capacity 136428K, committed 136676K, reserved 1169408K
  class space    used 16275K, capacity 17319K, committed 17408K, reserved 1048576K
}
Event: 4824.703 GC heap before
{Heap before GC invocations=67 (full 0):
 garbage-first heap   total 236544K, used 204383K [0x0000000080000000, 0x0000000100000000)
  region size 1024K, 12 young (12288K), 3 survivors (3072K)
 Metaspace       used 133608K, capacity 136428K, committed 136676K, reserved 1169408K
  class space    used 16275K, capacity 17319K, committed 17408K, reserved 1048576K
}
Event: 4824.738 GC heap after
{Heap after GC invocations=68 (full 0):
 garbage-first heap   total 299008K, used 199145K [0x0000000080000000, 0x0000000100000000)
  region size 1024K, 2 young (2048K), 2 survivors (2048K)
 Metaspace       used 133608K, capacity 136428K, committed 136676K, reserved 1169408K
  class space    used 16275K, capacity 17319K, committed 17408K, reserved 1048576K
}
Event: 4826.089 GC heap before
{Heap before GC invocations=68 (full 0):
 garbage-first heap   total 299008K, used 224745K [0x0000000080000000, 0x0000000100000000)
  region size 1024K, 28 young (28672K), 2 survivors (2048K)
 Metaspace       used 135856K, capacity 138781K, committed 138980K, reserved 1171456K
  class space    used 16724K, capacity 17825K, committed 17920K, reserved 1048576K
}
Event: 4826.137 GC heap after
{Heap after GC invocations=69 (full 0):
 garbage-first heap   total 299008K, used 209339K [0x0000000080000000, 0x0000000100000000)
  region size 1024K, 4 young (4096K), 4 survivors (4096K)
 Metaspace       used 135856K, capacity 138781K, committed 138980K, reserved 1171456K
  class space    used 16724K, capacity 17825K, committed 17920K, reserved 1048576K
}
Event: 4826.452 GC heap before
{Heap before GC invocations=69 (full 0):
 garbage-first heap   total 299008K, used 232891K [0x0000000080000000, 0x0000000100000000)
  region size 1024K, 28 young (28672K), 4 survivors (4096K)
 Metaspace       used 135894K, capacity 138845K, committed 138980K, reserved 1171456K
  class space    used 16724K, capacity 17825K, committed 17920K, reserved 1048576K
}
Event: 4826.532 GC heap after
{Heap after GC invocations=70 (full 0):
 garbage-first heap   total 299008K, used 222542K [0x0000000080000000, 0x0000000100000000)
  region size 1024K, 4 young (4096K), 4 survivors (4096K)
 Metaspace       used 135894K, capacity 138845K, committed 138980K, reserved 1171456K
  class space    used 16724K, capacity 17825K, committed 17920K, reserved 1048576K
}
Event: 4826.789 GC heap before
{Heap before GC invocations=70 (full 0):
 garbage-first heap   total 299008K, used 241998K [0x0000000080000000, 0x0000000100000000)
  region size 1024K, 23 young (23552K), 4 survivors (4096K)
 Metaspace       used 135909K, capacity 138849K, committed 138980K, reserved 1171456K
  class space    used 16724K, capacity 17825K, committed 17920K, reserved 1048576K
}
Event: 4826.826 GC heap after
{Heap after GC invocations=71 (full 0):
 garbage-first heap   total 299008K, used 232448K [0x0000000080000000, 0x0000000100000000)
  region size 1024K, 3 young (3072K), 3 survivors (3072K)
 Metaspace       used 135909K, capacity 138849K, committed 138980K, reserved 1171456K
  class space    used 16724K, capacity 17825K, committed 17920K, reserved 1048576K
}
Event: 4826.987 GC heap before
{Heap before GC invocations=71 (full 0):
 garbage-first heap   total 299008K, used 247808K [0x0000000080000000, 0x0000000100000000)
  region size 1024K, 19 young (19456K), 3 survivors (3072K)
 Metaspace       used 135914K, capacity 138849K, committed 138980K, reserved 1171456K
  class space    used 16724K, capacity 17825K, committed 17920K, reserved 1048576K
}

Deoptimization events (20 events):
Event: 4825.275 Thread 0x000001be9e938800 DEOPT PACKING pc=0x000001be887384d4 sp=0x0000004484afeef0
Event: 4825.275 Thread 0x000001be9e938800 DEOPT UNPACKING pc=0x000001be8004a1af sp=0x0000004484afee90 mode 2
Event: 4825.313 Thread 0x000001be9e931000 Uncommon trap: trap_request=0xffffff4d fr.pc=0x000001be8872ae84 relative=0x0000000000000144
Event: 4825.313 Thread 0x000001be9e931000 Uncommon trap: reason=unstable_if action=reinterpret pc=0x000001be8872ae84 method=com.android.tools.r8.internal.Hq.get(I)Ljava/lang/Object; @ 1 c2
Event: 4825.313 Thread 0x000001be9e931000 DEOPT PACKING pc=0x000001be8872ae84 sp=0x00000044848fed80
Event: 4825.313 Thread 0x000001be9e931000 DEOPT UNPACKING pc=0x000001be8004a1af sp=0x00000044848fed18 mode 2
Event: 4825.334 Thread 0x000001be9e932800 Uncommon trap: trap_request=0xffffff4d fr.pc=0x000001be887397f0 relative=0x0000000000000310
Event: 4825.334 Thread 0x000001be9e932800 Uncommon trap: reason=unstable_if action=reinterpret pc=0x000001be887397f0 method=com.android.tools.r8.internal.Hq.a(ILjava/lang/Object;)Ljava/lang/Object; @ 1 c2
Event: 4825.334 Thread 0x000001be9e932800 DEOPT PACKING pc=0x000001be887397f0 sp=0x0000004484bfe9f0
Event: 4825.334 Thread 0x000001be9e932800 DEOPT UNPACKING pc=0x000001be8004a1af sp=0x0000004484bfe9b8 mode 2
Event: 4826.033 Thread 0x000001be9e932800 DEOPT PACKING pc=0x000001be8306ea7a sp=0x0000004484bfea10
Event: 4826.034 Thread 0x000001be9e932800 DEOPT UNPACKING pc=0x000001be8004a95e sp=0x0000004484bfe080 mode 0
Event: 4826.141 Thread 0x000001be9e937800 DEOPT PACKING pc=0x000001be8305f87e sp=0x00000044849fe640
Event: 4826.141 Thread 0x000001be9e937800 DEOPT UNPACKING pc=0x000001be8004a95e sp=0x00000044849fdbc0 mode 0
Event: 4826.308 Thread 0x000001be9e937800 Uncommon trap: trap_request=0xffffff4d fr.pc=0x000001be87ff0914 relative=0x0000000000000354
Event: 4826.308 Thread 0x000001be9e937800 Uncommon trap: reason=unstable_if action=reinterpret pc=0x000001be87ff0914 method=java.util.concurrent.ConcurrentLinkedQueue.offer(Ljava/lang/Object;)Z @ 42 c2
Event: 4826.308 Thread 0x000001be9e937800 DEOPT PACKING pc=0x000001be87ff0914 sp=0x00000044849fee30
Event: 4826.308 Thread 0x000001be9e937800 DEOPT UNPACKING pc=0x000001be8004a1af sp=0x00000044849fed78 mode 2
Event: 4826.336 Thread 0x000001be9e938800 DEOPT PACKING pc=0x000001be8306afb1 sp=0x0000004484afedf0
Event: 4826.336 Thread 0x000001be9e938800 DEOPT UNPACKING pc=0x000001be8004a95e sp=0x0000004484afe3b0 mode 0

Classes redefined (0 events):
No events

Internal exceptions (20 events):
Event: 4819.593 Thread 0x000001be97b01800 Exception <a 'java/lang/NoSuchMethodError'{0x000000008dd5d220}: <clinit>> (0x000000008dd5d220) thrown at [./src/hotspot/share/prims/jni.cpp, line 1365]
Event: 4819.597 Thread 0x000001be97b01800 Exception <a 'java/lang/NoSuchMethodError'{0x000000008dd9be98}: <clinit>> (0x000000008dd9be98) thrown at [./src/hotspot/share/prims/jni.cpp, line 1365]
Event: 4819.598 Thread 0x000001be97b01800 Exception <a 'java/lang/NoSuchMethodError'{0x000000008ddb4b08}: <clinit>> (0x000000008ddb4b08) thrown at [./src/hotspot/share/prims/jni.cpp, line 1365]
Event: 4820.307 Thread 0x000001be9e934800 Exception <a 'java/lang/NoSuchMethodError'{0x000000008dbe2238}: 'void java.lang.invoke.DirectMethodHandle$Holder.invokeStatic(java.lang.Object, long)'> (0x000000008dbe2238) thrown at [./src/hotspot/share/interpreter/linkResolver.cpp, line 773]
Event: 4820.308 Thread 0x000001be9e934800 Exception <a 'java/lang/NoSuchMethodError'{0x000000008dbe7690}: 'java.lang.Object java.lang.invoke.DirectMethodHandle$Holder.invokeStatic(java.lang.Object, long)'> (0x000000008dbe7690) thrown at [./src/hotspot/share/interpreter/linkResolver.cpp, line 773]
Event: 4820.309 Thread 0x000001be9e934800 Exception <a 'java/lang/NoSuchMethodError'{0x000000008dbedc60}: 'java.lang.Object java.lang.invoke.Invokers$Holder.linkToTargetMethod(long, java.lang.Object)'> (0x000000008dbedc60) thrown at [./src/hotspot/share/interpreter/linkResolver.cpp, line 773]
Event: 4820.312 Thread 0x000001be9e934800 Exception <a 'java/lang/NoSuchMethodError'{0x000000008dbf66e0}: 'java.lang.Object java.lang.invoke.DirectMethodHandle$Holder.invokeStaticInit(java.lang.Object, java.lang.Object, long, java.lang.Object)'> (0x000000008dbf66e0) thrown at [./src/hotspot/share/interpreter/linkResolver.cpp, line 773]
Event: 4820.312 Thread 0x000001be9e934800 Exception <a 'java/lang/NoSuchMethodError'{0x000000008dbfcad8}: 'java.lang.Object java.lang.invoke.DirectMethodHandle$Holder.invokeStatic(java.lang.Object, java.lang.Object, long)'> (0x000000008dbfcad8) thrown at [./src/hotspot/share/interpreter/linkResolver.cpp, line 773]
Event: 4820.313 Thread 0x000001be9e934800 Exception <a 'java/lang/NoSuchMethodError'{0x000000008da03c08}: 'java.lang.Object java.lang.invoke.Invokers$Holder.linkToTargetMethod(java.lang.Object, long, java.lang.Object)'> (0x000000008da03c08) thrown at [./src/hotspot/share/interpreter/linkResolver.cpp, line 773]
Event: 4822.649 Thread 0x000001be9e935000 Exception <a 'sun/nio/fs/WindowsException'{0x000000008dea69c0}> (0x000000008dea69c0) thrown at [./src/hotspot/share/prims/jni.cpp, line 615]
Event: 4823.032 Thread 0x000001be9b62f800 Exception <a 'sun/nio/fs/WindowsException'{0x000000008dafb0f8}> (0x000000008dafb0f8) thrown at [./src/hotspot/share/prims/jni.cpp, line 615]
Event: 4823.033 Thread 0x000001be9b62f800 Exception <a 'sun/nio/fs/WindowsException'{0x000000008dafbfb8}> (0x000000008dafbfb8) thrown at [./src/hotspot/share/prims/jni.cpp, line 615]
Event: 4823.033 Thread 0x000001be9b62f800 Exception <a 'sun/nio/fs/WindowsException'{0x000000008dafc2f0}> (0x000000008dafc2f0) thrown at [./src/hotspot/share/prims/jni.cpp, line 615]
Event: 4823.381 Thread 0x000001be9b62f800 Exception <a 'sun/nio/fs/WindowsException'{0x000000008e6624a8}> (0x000000008e6624a8) thrown at [./src/hotspot/share/prims/jni.cpp, line 615]
Event: 4823.382 Thread 0x000001be9b62f800 Exception <a 'sun/nio/fs/WindowsException'{0x000000008e663388}> (0x000000008e663388) thrown at [./src/hotspot/share/prims/jni.cpp, line 615]
Event: 4823.468 Thread 0x000001be9e935000 Exception <a 'java/lang/NoSuchMethodError'{0x000000008e492518}: 'java.lang.Object java.lang.invoke.DirectMethodHandle$Holder.invokeStaticInit(java.lang.Object, java.lang.Object, java.lang.Object, java.lang.Object, java.lang.Object, java.lang.Object, java.lang.Object, java.lang.Object, java.lang.Object, java.lang.Object, java.lang.Object, java.lang.Object, java.lang.Object, java.lang.Object, java.lang.Object, java.lang.Object, java.lang.Object, java.lang.Object, int, java.lang.Object, java.lang.Object)'> (0
Event: 4825.012 Thread 0x000001be9e937800 Exception <a 'java/lang/IncompatibleClassChangeError'{0x0000000091650e68}: Found class java.lang.Object, but interface was expected> (0x0000000091650e68) thrown at [./src/hotspot/share/interpreter/linkResolver.cpp, line 839]
Event: 4825.018 Thread 0x000001be9e931000 Exception <a 'java/lang/NoSuchMethodError'{0x00000000916787c0}: 'java.lang.Object java.lang.invoke.DirectMethodHandle$Holder.newInvokeSpecial(java.lang.Object, int)'> (0x00000000916787c0) thrown at [./src/hotspot/share/interpreter/linkResolver.cpp, line 773]
Event: 4825.022 Thread 0x000001be9e937800 Exception <a 'java/lang/IncompatibleClassChangeError'{0x000000009168b840}: Found class java.lang.Object, but interface was expected> (0x000000009168b840) thrown at [./src/hotspot/share/interpreter/linkResolver.cpp, line 839]
Event: 4825.024 Thread 0x000001be9e937800 Exception <a 'java/lang/IncompatibleClassChangeError'{0x00000000916912f8}: Found class java.lang.Object, but interface was expected> (0x00000000916912f8) thrown at [./src/hotspot/share/interpreter/linkResolver.cpp, line 839]

Events (20 events):
Event: 4825.841 loading class com/android/tools/r8/internal/RH done
Event: 4825.845 loading class com/android/tools/r8/internal/ZG
Event: 4825.845 loading class com/android/tools/r8/internal/ZG done
Event: 4825.846 loading class com/android/tools/r8/graph/W0
Event: 4825.846 loading class com/android/tools/r8/graph/W0 done
Event: 4825.847 loading class com/android/tools/r8/graph/N2
Event: 4825.847 loading class com/android/tools/r8/graph/N2 done
Event: 4825.847 loading class com/android/tools/r8/internal/XG
Event: 4825.847 loading class com/android/tools/r8/internal/XG done
Event: 4825.848 loading class com/android/tools/r8/internal/cH
Event: 4825.848 loading class com/android/tools/r8/internal/cH done
Event: 4825.849 loading class com/android/tools/r8/internal/Dj
Event: 4825.849 loading class com/android/tools/r8/internal/Dj done
Event: 4826.086 Executing VM operation: G1CollectForAllocation
Event: 4826.137 Executing VM operation: G1CollectForAllocation done
Event: 4826.450 Executing VM operation: G1CollectForAllocation
Event: 4826.532 Executing VM operation: G1CollectForAllocation done
Event: 4826.787 Executing VM operation: G1CollectForAllocation
Event: 4826.826 Executing VM operation: G1CollectForAllocation done
Event: 4826.987 Executing VM operation: G1CollectForAllocation


Dynamic libraries:
0x00007ff601150000 - 0x00007ff60115a000 	C:\Program Files\Android\Android Studio\jre\bin\java.exe
0x00007fffa8470000 - 0x00007fffa8668000 	C:\WINDOWS\SYSTEM32\ntdll.dll
0x00007fffa64d0000 - 0x00007fffa658d000 	C:\WINDOWS\System32\KERNEL32.DLL
0x00007fffa5e40000 - 0x00007fffa610e000 	C:\WINDOWS\System32\KERNELBASE.dll
0x00007fffa5c00000 - 0x00007fffa5d00000 	C:\WINDOWS\System32\ucrtbase.dll
0x00007fff9ecd0000 - 0x00007fff9ece9000 	C:\Program Files\Android\Android Studio\jre\bin\jli.dll
0x00007fff9ecb0000 - 0x00007fff9ecc7000 	C:\Program Files\Android\Android Studio\jre\bin\VCRUNTIME140.dll
0x00007fffa73d0000 - 0x00007fffa7570000 	C:\WINDOWS\System32\USER32.dll
0x00007fffa6250000 - 0x00007fffa6272000 	C:\WINDOWS\System32\win32u.dll
0x00007fff95430000 - 0x00007fff956ca000 	C:\WINDOWS\WinSxS\amd64_microsoft.windows.common-controls_6595b64144ccf1df_6.0.19041.1110_none_60b5254171f9507e\COMCTL32.dll
0x00007fffa78b0000 - 0x00007fffa78da000 	C:\WINDOWS\System32\GDI32.dll
0x00007fffa8300000 - 0x00007fffa839e000 	C:\WINDOWS\System32\msvcrt.dll
0x00007fffa5d30000 - 0x00007fffa5e3b000 	C:\WINDOWS\System32\gdi32full.dll
0x00007fffa6430000 - 0x00007fffa64cd000 	C:\WINDOWS\System32\msvcp_win.dll
0x00007fffa7630000 - 0x00007fffa7660000 	C:\WINDOWS\System32\IMM32.DLL
0x00007fff6c8c0000 - 0x00007fff6c95d000 	C:\Program Files\Android\Android Studio\jre\bin\msvcp140.dll
0x00007fff6df80000 - 0x00007fff6ea65000 	C:\Program Files\Android\Android Studio\jre\bin\server\jvm.dll
0x00007fffa7580000 - 0x00007fffa762e000 	C:\WINDOWS\System32\ADVAPI32.dll
0x00007fffa7df0000 - 0x00007fffa7e8c000 	C:\WINDOWS\System32\sechost.dll
0x00007fffa7780000 - 0x00007fffa78a5000 	C:\WINDOWS\System32\RPCRT4.dll
0x00007fffa6590000 - 0x00007fffa6598000 	C:\WINDOWS\System32\PSAPI.DLL
0x00007fff92fb0000 - 0x00007fff92fb9000 	C:\WINDOWS\SYSTEM32\WSOCK32.dll
0x00007fffa7f60000 - 0x00007fffa7fcb000 	C:\WINDOWS\System32\WS2_32.dll
0x00007fff97270000 - 0x00007fff97297000 	C:\WINDOWS\SYSTEM32\WINMM.dll
0x00007fff972a0000 - 0x00007fff972aa000 	C:\WINDOWS\SYSTEM32\VERSION.dll
0x00007fffa3a90000 - 0x00007fffa3aa2000 	C:\WINDOWS\SYSTEM32\kernel.appcore.dll
0x00007fff9ffe0000 - 0x00007fff9fff1000 	C:\Program Files\Android\Android Studio\jre\bin\verify.dll
0x00007fff8edc0000 - 0x00007fff8efa4000 	C:\WINDOWS\SYSTEM32\DBGHELP.DLL
0x00007fff8ed90000 - 0x00007fff8edbc000 	C:\WINDOWS\SYSTEM32\dbgcore.DLL
0x00007fffa6110000 - 0x00007fffa6192000 	C:\WINDOWS\System32\bcryptPrimitives.dll
0x00007fff94e20000 - 0x00007fff94e49000 	C:\Program Files\Android\Android Studio\jre\bin\java.dll
0x00007fff9ffd0000 - 0x00007fff9ffdb000 	C:\Program Files\Android\Android Studio\jre\bin\jimage.dll
0x00007fff95180000 - 0x00007fff95198000 	C:\Program Files\Android\Android Studio\jre\bin\zip.dll
0x00007fffa6c00000 - 0x00007fffa7344000 	C:\WINDOWS\System32\SHELL32.dll
0x00007fffa3c90000 - 0x00007fffa4424000 	C:\WINDOWS\SYSTEM32\windows.storage.dll
0x00007fffa7a90000 - 0x00007fffa7de4000 	C:\WINDOWS\System32\combase.dll
0x00007fffa55f0000 - 0x00007fffa5620000 	C:\WINDOWS\SYSTEM32\Wldp.dll
0x00007fffa80a0000 - 0x00007fffa814d000 	C:\WINDOWS\System32\SHCORE.dll
0x00007fffa7fe0000 - 0x00007fffa8035000 	C:\WINDOWS\System32\shlwapi.dll
0x00007fffa5ad0000 - 0x00007fffa5aef000 	C:\WINDOWS\SYSTEM32\profapi.dll
0x00007fff94ce0000 - 0x00007fff94cfa000 	C:\Program Files\Android\Android Studio\jre\bin\net.dll
0x00007fff9c840000 - 0x00007fff9c94a000 	C:\WINDOWS\SYSTEM32\WINHTTP.dll
0x00007fffa5350000 - 0x00007fffa53ba000 	C:\WINDOWS\system32\mswsock.dll
0x00007fff94cc0000 - 0x00007fff94cd4000 	C:\Program Files\Android\Android Studio\jre\bin\nio.dll
0x00007fff9eed0000 - 0x00007fff9eef7000 	C:\Users\sam\.gradle\native\e1d6ef7f7dcc3fd88c89a11ec53ec762bb8ba0a96d01ffa2cd45eb1d1d8dd5c5\windows-amd64\native-platform.dll
0x00007fff6ba30000 - 0x00007fff6bb74000 	C:\Users\sam\.gradle\native\5664cfc778a61ccfe75a443a1ab52a65af34e5dc3c78e0209fed803814484fcb\windows-amd64\native-platform-file-events.dll
0x00007fff9fcd0000 - 0x00007fff9fcda000 	C:\Program Files\Android\Android Studio\jre\bin\management.dll
0x00007fff9f910000 - 0x00007fff9f91d000 	C:\Program Files\Android\Android Studio\jre\bin\management_ext.dll
0x00007fffa5540000 - 0x00007fffa5558000 	C:\WINDOWS\SYSTEM32\CRYPTSP.dll
0x00007fffa4c60000 - 0x00007fffa4c94000 	C:\WINDOWS\system32\rsaenh.dll
0x00007fffa5d00000 - 0x00007fffa5d27000 	C:\WINDOWS\System32\bcrypt.dll
0x00007fffa5a90000 - 0x00007fffa5abe000 	C:\WINDOWS\SYSTEM32\USERENV.dll
0x00007fffa5560000 - 0x00007fffa556c000 	C:\WINDOWS\SYSTEM32\CRYPTBASE.dll
0x00007fffa4ff0000 - 0x00007fffa502b000 	C:\WINDOWS\SYSTEM32\IPHLPAPI.DLL
0x00007fffa7fd0000 - 0x00007fffa7fd8000 	C:\WINDOWS\System32\NSI.dll
0x00007fff987f0000 - 0x00007fff98807000 	C:\WINDOWS\SYSTEM32\dhcpcsvc6.DLL
0x00007fff9d380000 - 0x00007fff9d39d000 	C:\WINDOWS\SYSTEM32\dhcpcsvc.DLL
0x00007fffa5040000 - 0x00007fffa510a000 	C:\WINDOWS\SYSTEM32\DNSAPI.dll
0x00007fffa4890000 - 0x00007fffa48c3000 	C:\WINDOWS\SYSTEM32\ntmarta.dll

dbghelp: loaded successfully - version: 4.0.5 - missing functions: none
symbol engine: initialized successfully - sym options: 0x614 - pdb path: .;C:\Program Files\Android\Android Studio\jre\bin;C:\WINDOWS\SYSTEM32;C:\WINDOWS\WinSxS\amd64_microsoft.windows.common-controls_6595b64144ccf1df_6.0.19041.1110_none_60b5254171f9507e;C:\Program Files\Android\Android Studio\jre\bin\server;C:\Users\sam\.gradle\native\e1d6ef7f7dcc3fd88c89a11ec53ec762bb8ba0a96d01ffa2cd45eb1d1d8dd5c5\windows-amd64;C:\Users\sam\.gradle\native\5664cfc778a61ccfe75a443a1ab52a65af34e5dc3c78e0209fed803814484fcb\windows-amd64

VM Arguments:
jvm_args: --add-opens=java.base/java.util=ALL-UNNAMED --add-opens=java.base/java.lang=ALL-UNNAMED --add-opens=java.base/java.lang.invoke=ALL-UNNAMED --add-opens=java.base/java.util=ALL-UNNAMED --add-opens=java.prefs/java.util.prefs=ALL-UNNAMED --add-opens=java.prefs/java.util.prefs=ALL-UNNAMED --add-opens=java.base/java.nio.charset=ALL-UNNAMED --add-opens=java.base/java.net=ALL-UNNAMED --add-opens=java.base/java.util.concurrent.atomic=ALL-UNNAMED -Xmx2048m -Dfile.encoding=UTF-8 -Duser.country=US -Duser.language=en -Duser.variant 
java_command: org.gradle.launcher.daemon.bootstrap.GradleDaemon 7.3.3
java_class_path (initial): C:\Users\sam\.gradle\wrapper\dists\gradle-7.3.3-bin\6a41zxkdtcxs8rphpq6y0069z\gradle-7.3.3\lib\gradle-launcher-7.3.3.jar
Launcher Type: SUN_STANDARD

[Global flags]
     intx CICompilerCount                          = 3                                         {product} {ergonomic}
     uint ConcGCThreads                            = 1                                         {product} {ergonomic}
     uint G1ConcRefinementThreads                  = 4                                         {product} {ergonomic}
   size_t G1HeapRegionSize                         = 1048576                                   {product} {ergonomic}
    uintx GCDrainStackTargetSize                   = 64                                        {product} {ergonomic}
   size_t InitialHeapSize                          = 167772160                                 {product} {ergonomic}
   size_t MarkStackSize                            = 4194304                                   {product} {ergonomic}
   size_t MaxHeapSize                              = 2147483648                                {product} {command line}
   size_t MaxNewSize                               = 1287651328                                {product} {ergonomic}
   size_t MinHeapDeltaBytes                        = 1048576                                   {product} {ergonomic}
    uintx NonNMethodCodeHeapSize                   = 5830732                                {pd product} {ergonomic}
    uintx NonProfiledCodeHeapSize                  = 122913754                              {pd product} {ergonomic}
    uintx ProfiledCodeHeapSize                     = 122913754                              {pd product} {ergonomic}
    uintx ReservedCodeCacheSize                    = 251658240                              {pd product} {ergonomic}
     bool SegmentedCodeCache                       = true                                      {product} {ergonomic}
     bool UseCompressedClassPointers               = true                                 {lp64_product} {ergonomic}
     bool UseCompressedOops                        = true                                 {lp64_product} {ergonomic}
     bool UseG1GC                                  = true                                      {product} {ergonomic}
     bool UseLargePagesIndividualAllocation        = false                                  {pd product} {ergonomic}

Logging:
Log output configuration:
 #0: stdout all=warning uptime,level,tags
 #1: stderr all=off uptime,level,tags

Environment Variables:
PATH=C:\Program Files (x86)\Common Files\Oracle\Java\javapath;C:\WINDOWS\system32;C:\WINDOWS;C:\WINDOWS\System32\Wbem;C:\WINDOWS\System32\WindowsPowerShell\v1.0\;C:\WINDOWS\System32\OpenSSH\;C:\Program Files\Git\cmd;C:\xampp\php;C:\composer;C:\Users\sam\Documents\flutter\bin;C:\ProgramData\chocolatey\bin;C:\Program Files\gradle-7.3.3\bin;C:\Program Files\nodejs\;C:\Users\sam\AppData\Local\Microsoft\WindowsApps;C:\Users\sam\AppData\Local\Programs\Microsoft VS Code\bin;C:\Users\sam\AppData\Roaming\Composer\vendor\bin;C:\Users\sam\Documents\flutter\bin;C:\Users\sam\Documents\flutter\bin\cache\dart-sdk\bin;C:\Users\sam\Documents\flutter\.pub-cache\bin;;C:\Program Files\JetBrains\IntelliJ IDEA Community Edition 2022.1.1\bin;;C:\Users\sam\AppData\Roaming\npm
USERNAME=sam
OS=Windows_NT
PROCESSOR_IDENTIFIER=Intel64 Family 6 Model 69 Stepping 1, GenuineIntel



---------------  S Y S T E M  ---------------

OS: Windows 10 , 64 bit Build 19041 (10.0.19041.1889)
OS uptime: 1 days 20:21 hours

CPU:total 4 (initial active 4) (2 cores per cpu, 2 threads per core) family 6 model 69 stepping 1 microcode 0x25, cmov, cx8, fxsr, mmx, sse, sse2, sse3, ssse3, sse4.1, sse4.2, popcnt, avx, avx2, aes, clmul, erms, lzcnt, ht, tsc, tscinvbit, bmi1, bmi2, fma

Memory: 4k page, system-wide physical 10148M (1182M free)
TotalPageFile size 14115M (AvailPageFile size 137M)
current process WorkingSet (physical memory assigned to process): 567M, peak: 572M
current process commit charge ("private bytes"): 689M, peak: 906M

vm_info: OpenJDK 64-Bit Server VM (11.0.12+7-b1504.28-7817840) for windows-amd64 JRE (11.0.12+7-b1504.28-7817840), built on Oct 13 2021 22:12:33 by "builder" with MS VC++ 14.0 (VS2015)

END.
